[2025-07-28 16:11:00] [INFO] Starting Mirror operation from D:\Documents\Books to D:\Documents\Google Drive\Books
[2025-07-28 16:11:00] [INFO] 
[2025-07-28 16:11:00] [INFO] -------------------------------------------------------------------------------
[2025-07-28 16:11:00] [INFO]    ROBOCOPY     ::     Robust File Copy for Windows                              
[2025-07-28 16:11:00] [INFO] -------------------------------------------------------------------------------
[2025-07-28 16:11:00] [INFO] 
[2025-07-28 16:11:00] [INFO]   Started : Monday, 28 July 2025 4:11:00 pm
[2025-07-28 16:11:00] [INFO]    Source : D:\Documents\Books\
[2025-07-28 16:11:00] [INFO]      Dest : D:\Documents\Google Drive\Books\
[2025-07-28 16:11:00] [INFO] 
[2025-07-28 16:11:00] [INFO]     Files : *.*
[2025-07-28 16:11:00] [INFO] 	    
[2025-07-28 16:11:00] [INFO]   Options : *.* /NDL /NFL /TEE /S /E /DCOPY:DA /COPY:DAT /PURGE /MIR /Z /MT:1 /R:0 /W:0 
[2025-07-28 16:11:00] [INFO] 
[2025-07-28 16:11:00] [INFO] ------------------------------------------------------------------------------
[2025-07-28 16:11:00] [INFO] 
[2025-07-28 16:11:00] [INFO] 
[2025-07-28 16:11:00] [INFO] ------------------------------------------------------------------------------
[2025-07-28 16:11:00] [INFO] 
[2025-07-28 16:11:00] [INFO]                Total    Copied   Skipped  Mismatch    FAILED    Extras
[2025-07-28 16:11:00] [INFO]     Dirs :         5         5         5         0         0         0
[2025-07-28 16:11:00] [INFO]    Files :        56         0        56         0         0         0
[2025-07-28 16:11:00] [INFO]    Bytes :  947.84 m         0  947.84 m         0         0         0
[2025-07-28 16:11:00] [INFO]    Times :   0:00:00   0:00:00                       0:00:00   0:00:00
[2025-07-28 16:11:00] [INFO]    Ended : Monday, 28 July 2025 4:11:00 pm
[2025-07-28 16:11:00] [INFO] 
[2025-07-28 16:11:00] [INFO] Mirror operation completed (Exit code: 0)
[2025-07-28 16:11:00] [INFO] Starting Mirror operation from D:\Documents\Custom Office Templates to D:\Documents\Google Drive\Custom Office Templates
[2025-07-28 16:11:00] [INFO] 
[2025-07-28 16:11:00] [INFO] -------------------------------------------------------------------------------
[2025-07-28 16:11:00] [INFO]    ROBOCOPY     ::     Robust File Copy for Windows                              
[2025-07-28 16:11:00] [INFO] -------------------------------------------------------------------------------
[2025-07-28 16:11:00] [INFO] 
[2025-07-28 16:11:00] [INFO]   Started : Monday, 28 July 2025 4:11:00 pm
[2025-07-28 16:11:00] [INFO]    Source : D:\Documents\Custom Office Templates\
[2025-07-28 16:11:00] [INFO]      Dest : D:\Documents\Google Drive\Custom Office Templates\
[2025-07-28 16:11:00] [INFO] 
[2025-07-28 16:11:00] [INFO]     Files : *.*
[2025-07-28 16:11:00] [INFO] 	    
[2025-07-28 16:11:00] [INFO]   Options : *.* /NDL /NFL /TEE /S /E /DCOPY:DA /COPY:DAT /PURGE /MIR /Z /MT:1 /R:0 /W:0 
[2025-07-28 16:11:00] [INFO] 
[2025-07-28 16:11:00] [INFO] ------------------------------------------------------------------------------
[2025-07-28 16:11:00] [INFO] 
[2025-07-28 16:11:00] [INFO] 
[2025-07-28 16:11:00] [INFO] ------------------------------------------------------------------------------
[2025-07-28 16:11:01] [INFO] 
[2025-07-28 16:11:01] [INFO]                Total    Copied   Skipped  Mismatch    FAILED    Extras
[2025-07-28 16:11:01] [INFO]     Dirs :         1         1         1         0         0         0
[2025-07-28 16:11:01] [INFO]    Files :         0         0         0         0         0         0
[2025-07-28 16:11:01] [INFO]    Bytes :         0         0         0         0         0         0
[2025-07-28 16:11:01] [INFO]    Times :   0:00:00   0:00:00                       0:00:00   0:00:00
[2025-07-28 16:11:01] [INFO]    Ended : Monday, 28 July 2025 4:11:00 pm
[2025-07-28 16:11:01] [INFO] 
[2025-07-28 16:11:01] [INFO] Mirror operation completed (Exit code: 0)
[2025-07-28 16:11:01] [INFO] Starting Mirror operation from D:\Documents\Piano to D:\Documents\Google Drive\Piano
[2025-07-28 16:11:01] [INFO] 
[2025-07-28 16:11:01] [INFO] -------------------------------------------------------------------------------
[2025-07-28 16:11:01] [INFO]    ROBOCOPY     ::     Robust File Copy for Windows                              
[2025-07-28 16:11:01] [INFO] -------------------------------------------------------------------------------
[2025-07-28 16:11:01] [INFO] 
[2025-07-28 16:11:01] [INFO]   Started : Monday, 28 July 2025 4:11:01 pm
[2025-07-28 16:11:01] [INFO]    Source : D:\Documents\Piano\
[2025-07-28 16:11:01] [INFO]      Dest : D:\Documents\Google Drive\Piano\
[2025-07-28 16:11:01] [INFO] 
[2025-07-28 16:11:01] [INFO]     Files : *.*
[2025-07-28 16:11:01] [INFO] 	    
[2025-07-28 16:11:01] [INFO]   Options : *.* /NDL /NFL /TEE /S /E /DCOPY:DA /COPY:DAT /PURGE /MIR /Z /MT:1 /R:0 /W:0 
[2025-07-28 16:11:01] [INFO] 
[2025-07-28 16:11:01] [INFO] ------------------------------------------------------------------------------
[2025-07-28 16:11:01] [INFO] 
[2025-07-28 16:11:01] [INFO] 
[2025-07-28 16:11:01] [INFO] ------------------------------------------------------------------------------
[2025-07-28 16:11:01] [INFO] 
[2025-07-28 16:11:01] [INFO]                Total    Copied   Skipped  Mismatch    FAILED    Extras
[2025-07-28 16:11:01] [INFO]     Dirs :         1         1         1         0         0         0
[2025-07-28 16:11:01] [INFO]    Files :         1         0         1         0         0         0
[2025-07-28 16:11:01] [INFO]    Bytes :    13.3 k         0    13.3 k         0         0         0
[2025-07-28 16:11:01] [INFO]    Times :   0:00:00   0:00:00                       0:00:00   0:00:00
[2025-07-28 16:11:01] [INFO]    Ended : Monday, 28 July 2025 4:11:01 pm
[2025-07-28 16:11:01] [INFO] 
[2025-07-28 16:11:01] [INFO] Mirror operation completed (Exit code: 0)
[2025-07-28 16:11:01] [INFO] Starting Mirror operation from D:\Documents\SketchUp to D:\Documents\Google Drive\SketchUp
[2025-07-28 16:11:01] [INFO] 
[2025-07-28 16:11:01] [INFO] -------------------------------------------------------------------------------
[2025-07-28 16:11:01] [INFO]    ROBOCOPY     ::     Robust File Copy for Windows                              
[2025-07-28 16:11:01] [INFO] -------------------------------------------------------------------------------
[2025-07-28 16:11:01] [INFO] 
[2025-07-28 16:11:01] [INFO]   Started : Monday, 28 July 2025 4:11:01 pm
[2025-07-28 16:11:01] [INFO]    Source : D:\Documents\SketchUp\
[2025-07-28 16:11:01] [INFO]      Dest : D:\Documents\Google Drive\SketchUp\
[2025-07-28 16:11:01] [INFO] 
[2025-07-28 16:11:02] [INFO]     Files : *.*
[2025-07-28 16:11:02] [INFO] 	    
[2025-07-28 16:11:02] [INFO]   Options : *.* /NDL /NFL /TEE /S /E /DCOPY:DA /COPY:DAT /PURGE /MIR /Z /MT:1 /R:0 /W:0 
[2025-07-28 16:11:02] [INFO] 
[2025-07-28 16:11:02] [INFO] ------------------------------------------------------------------------------
[2025-07-28 16:11:02] [INFO] 
[2025-07-28 16:11:02] [INFO] 
[2025-07-28 16:11:02] [INFO] ------------------------------------------------------------------------------
[2025-07-28 16:11:02] [INFO] 
[2025-07-28 16:11:02] [INFO]                Total    Copied   Skipped  Mismatch    FAILED    Extras
[2025-07-28 16:11:02] [INFO]     Dirs :        19        19        19         0         0         0
[2025-07-28 16:11:02] [INFO]    Files :        88         0        88         0         0         0
[2025-07-28 16:11:02] [INFO]    Bytes :  438.33 m         0  438.33 m         0         0         0
[2025-07-28 16:11:02] [INFO]    Times :   0:00:00   0:00:00                       0:00:00   0:00:00
[2025-07-28 16:11:02] [INFO]    Ended : Monday, 28 July 2025 4:11:02 pm
[2025-07-28 16:11:02] [INFO] 
[2025-07-28 16:11:02] [INFO] Mirror operation completed (Exit code: 0)
[2025-07-28 16:11:02] [INFO] Starting Mirror operation from D:\Documents\Software to D:\Documents\Google Drive\Software
[2025-07-28 16:11:02] [INFO] 
[2025-07-28 16:11:02] [INFO] -------------------------------------------------------------------------------
[2025-07-28 16:11:02] [INFO]    ROBOCOPY     ::     Robust File Copy for Windows                              
[2025-07-28 16:11:02] [INFO] -------------------------------------------------------------------------------
[2025-07-28 16:11:02] [INFO] 
[2025-07-28 16:11:02] [INFO]   Started : Monday, 28 July 2025 4:11:02 pm
[2025-07-28 16:11:02] [INFO]    Source : D:\Documents\Software\
[2025-07-28 16:11:02] [INFO]      Dest : D:\Documents\Google Drive\Software\
[2025-07-28 16:11:02] [INFO] 
[2025-07-28 16:11:02] [INFO]     Files : *.*
[2025-07-28 16:11:02] [INFO] 	    
[2025-07-28 16:11:02] [INFO]   Options : *.* /NDL /NFL /TEE /S /E /DCOPY:DA /COPY:DAT /PURGE /MIR /Z /MT:1 /R:0 /W:0 
[2025-07-28 16:11:02] [INFO] 
[2025-07-28 16:11:02] [INFO] ------------------------------------------------------------------------------
[2025-07-28 16:11:03] [INFO] 
[2025-07-28 16:11:03] [INFO] 
[2025-07-28 16:11:03] [INFO] ------------------------------------------------------------------------------
[2025-07-28 16:11:03] [INFO] 
[2025-07-28 16:11:03] [INFO]                Total    Copied   Skipped  Mismatch    FAILED    Extras
[2025-07-28 16:11:03] [INFO]     Dirs :        99        99        99         0         0         0
[2025-07-28 16:11:03] [INFO]    Files :        44         1        43         0         0         0
[2025-07-28 16:11:03] [INFO]    Bytes :  860.87 m       106  860.87 m         0         0         0
[2025-07-28 16:11:03] [INFO]    Times :   0:00:00   0:00:00                       0:00:00   0:00:00
[2025-07-28 16:11:03] [INFO] 
[2025-07-28 16:11:03] [INFO] 
[2025-07-28 16:11:03] [INFO]    Speed :                5047 Bytes/sec.
[2025-07-28 16:11:03] [INFO]    Speed :               0.288 MegaBytes/min.
[2025-07-28 16:11:03] [INFO]    Ended : Monday, 28 July 2025 4:11:03 pm
[2025-07-28 16:11:03] [INFO] 
[2025-07-28 16:11:03] [INFO] Mirror operation completed (Exit code: 1)
[2025-07-28 16:11:03] [INFO] Starting Mirror operation from D:\Documents\Woodwork to D:\Documents\Google Drive\Woodwork
[2025-07-28 16:11:03] [INFO] 
[2025-07-28 16:11:03] [INFO] -------------------------------------------------------------------------------
[2025-07-28 16:11:03] [INFO]    ROBOCOPY     ::     Robust File Copy for Windows                              
[2025-07-28 16:11:03] [INFO] -------------------------------------------------------------------------------
[2025-07-28 16:11:03] [INFO] 
[2025-07-28 16:11:03] [INFO]   Started : Monday, 28 July 2025 4:11:03 pm
[2025-07-28 16:11:03] [INFO]    Source : D:\Documents\Woodwork\
[2025-07-28 16:11:03] [INFO]      Dest : D:\Documents\Google Drive\Woodwork\
[2025-07-28 16:11:03] [INFO] 
[2025-07-28 16:11:03] [INFO]     Files : *.*
[2025-07-28 16:11:03] [INFO] 	    
[2025-07-28 16:11:03] [INFO]   Options : *.* /NDL /NFL /TEE /S /E /DCOPY:DA /COPY:DAT /PURGE /MIR /Z /MT:1 /R:0 /W:0 
[2025-07-28 16:11:03] [INFO] 
[2025-07-28 16:11:03] [INFO] ------------------------------------------------------------------------------
[2025-07-28 16:11:03] [INFO] 
[2025-07-28 16:11:03] [INFO] 
[2025-07-28 16:11:03] [INFO] ------------------------------------------------------------------------------
[2025-07-28 16:11:03] [INFO] 
[2025-07-28 16:11:03] [INFO]                Total    Copied   Skipped  Mismatch    FAILED    Extras
[2025-07-28 16:11:03] [INFO]     Dirs :         7         7         7         0         0         0
[2025-07-28 16:11:03] [INFO]    Files :        17         0        17         0         0         0
[2025-07-28 16:11:03] [INFO]    Bytes :  158.42 m         0  158.42 m         0         0         0
[2025-07-28 16:11:03] [INFO]    Times :   0:00:00   0:00:00                       0:00:00   0:00:00
[2025-07-28 16:11:03] [INFO]    Ended : Monday, 28 July 2025 4:11:03 pm
[2025-07-28 16:11:03] [INFO] 
[2025-07-28 16:11:03] [INFO] Mirror operation completed (Exit code: 0)
[2025-07-28 16:11:03] [INFO] Starting Mirror operation from D:\Documents\Zoom to D:\Documents\Google Drive\Zoom
[2025-07-28 16:11:03] [INFO] 
[2025-07-28 16:11:03] [INFO] -------------------------------------------------------------------------------
[2025-07-28 16:11:03] [INFO]    ROBOCOPY     ::     Robust File Copy for Windows                              
[2025-07-28 16:11:03] [INFO] -------------------------------------------------------------------------------
[2025-07-28 16:11:03] [INFO] 
[2025-07-28 16:11:03] [INFO]   Started : Monday, 28 July 2025 4:11:03 pm
[2025-07-28 16:11:03] [INFO]    Source : D:\Documents\Zoom\
[2025-07-28 16:11:03] [INFO]      Dest : D:\Documents\Google Drive\Zoom\
[2025-07-28 16:11:04] [INFO] 
[2025-07-28 16:11:04] [INFO]     Files : *.*
[2025-07-28 16:11:04] [INFO] 	    
[2025-07-28 16:11:04] [INFO]   Options : *.* /NDL /NFL /TEE /S /E /DCOPY:DA /COPY:DAT /PURGE /MIR /Z /MT:1 /R:0 /W:0 
[2025-07-28 16:11:04] [INFO] 
[2025-07-28 16:11:04] [INFO] ------------------------------------------------------------------------------
[2025-07-28 16:11:04] [INFO] 
[2025-07-28 16:11:04] [INFO] 
[2025-07-28 16:11:04] [INFO] ------------------------------------------------------------------------------
[2025-07-28 16:11:04] [INFO] 
[2025-07-28 16:11:04] [INFO]                Total    Copied   Skipped  Mismatch    FAILED    Extras
[2025-07-28 16:11:04] [INFO]     Dirs :         1         1         1         0         0         0
[2025-07-28 16:11:04] [INFO]    Files :         0         0         0         0         0         0
[2025-07-28 16:11:04] [INFO]    Bytes :         0         0         0         0         0         0
[2025-07-28 16:11:04] [INFO]    Times :   0:00:00   0:00:00                       0:00:00   0:00:00
[2025-07-28 16:11:04] [INFO]    Ended : Monday, 28 July 2025 4:11:03 pm
[2025-07-28 16:11:04] [INFO] 
[2025-07-28 16:11:04] [INFO] Mirror operation completed (Exit code: 0)
[2025-07-28 16:11:04] [INFO] Starting Mirror operation from D:\Documents\Backups to D:\Documents\Mega\Backups
[2025-07-28 16:11:04] [INFO] 
[2025-07-28 16:11:04] [INFO] -------------------------------------------------------------------------------
[2025-07-28 16:11:04] [INFO]    ROBOCOPY     ::     Robust File Copy for Windows                              
[2025-07-28 16:11:04] [INFO] -------------------------------------------------------------------------------
[2025-07-28 16:11:04] [INFO] 
[2025-07-28 16:11:04] [INFO]   Started : Monday, 28 July 2025 4:11:04 pm
[2025-07-28 16:11:04] [INFO]    Source : D:\Documents\Backups\
[2025-07-28 16:11:04] [INFO]      Dest : D:\Documents\Mega\Backups\
[2025-07-28 16:11:04] [INFO] 
[2025-07-28 16:11:04] [INFO]     Files : *.*
[2025-07-28 16:11:04] [INFO] 	    
[2025-07-28 16:11:04] [INFO]   Options : *.* /NDL /NFL /TEE /S /E /DCOPY:DA /COPY:DAT /PURGE /MIR /Z /MT:1 /R:0 /W:0 
[2025-07-28 16:11:04] [INFO] 
[2025-07-28 16:11:04] [INFO] ------------------------------------------------------------------------------
[2025-07-28 16:11:29] [INFO] 
[2025-07-28 16:14:04] [INFO]   0%  
[2025-07-28 16:14:23] [INFO]   0%  
[2025-07-28 16:14:41] [INFO]   0%  
[2025-07-28 16:15:07] [INFO]   0%  
[2025-07-28 16:15:26] [INFO]   0%  
[2025-07-28 16:15:48] [INFO]   0%  
[2025-07-28 16:16:17] [INFO]   0%  
[2025-07-28 16:16:17] [INFO] 
[2025-07-28 16:16:17] [INFO] ------------------------------------------------------------------------------
[2025-07-28 16:16:17] [INFO] 
[2025-07-28 16:16:18] [INFO]                Total    Copied   Skipped  Mismatch    FAILED    Extras
[2025-07-28 16:16:18] [INFO]     Dirs :         3         3         3         0         0         0
[2025-07-28 16:16:18] [INFO]    Files :         9         8         1         0         0         0
[2025-07-28 16:16:18] [INFO]    Bytes :  14.979 g  11.011 g   3.967 g         0         0         0
[2025-07-28 16:16:18] [INFO]    Times :   0:10:27   0:02:36                       0:00:00   0:02:36
[2025-07-28 16:16:18] [INFO] 
[2025-07-28 16:16:18] [INFO] 
[2025-07-28 16:16:18] [INFO]    Speed :            75409654 Bytes/sec.
[2025-07-28 16:16:18] [INFO]    Speed :            4314.975 MegaBytes/min.
[2025-07-28 16:16:18] [INFO]    Ended : Monday, 28 July 2025 4:16:17 pm
[2025-07-28 16:16:18] [INFO] 
[2025-07-28 16:16:18] [INFO] Mirror operation completed (Exit code: 1)
[2025-07-28 16:16:18] [INFO] Starting Mirror operation from D:\Documents\NZMA to D:\Documents\Mega\NZMA
[2025-07-28 16:16:18] [INFO] 
[2025-07-28 16:16:18] [INFO] -------------------------------------------------------------------------------
[2025-07-28 16:16:18] [INFO]    ROBOCOPY     ::     Robust File Copy for Windows                              
[2025-07-28 16:16:18] [INFO] -------------------------------------------------------------------------------
[2025-07-28 16:16:18] [INFO] 
[2025-07-28 16:16:18] [INFO]   Started : Monday, 28 July 2025 4:16:18 pm
[2025-07-28 16:16:18] [INFO]    Source : D:\Documents\NZMA\
[2025-07-28 16:16:18] [INFO]      Dest : D:\Documents\Mega\NZMA\
[2025-07-28 16:16:18] [INFO] 
[2025-07-28 16:16:18] [INFO]     Files : *.*
[2025-07-28 16:16:18] [INFO] 	    
[2025-07-28 16:16:18] [INFO]   Options : *.* /NDL /NFL /TEE /S /E /DCOPY:DA /COPY:DAT /PURGE /MIR /Z /MT:1 /R:0 /W:0 
[2025-07-28 16:16:18] [INFO] 
[2025-07-28 16:16:18] [INFO] ------------------------------------------------------------------------------
[2025-07-28 16:16:18] [INFO] 
[2025-07-28 16:16:18] [INFO] 
[2025-07-28 16:16:18] [INFO] ------------------------------------------------------------------------------
[2025-07-28 16:16:18] [INFO] 
[2025-07-28 16:16:18] [INFO]                Total    Copied   Skipped  Mismatch    FAILED    Extras
[2025-07-28 16:16:18] [INFO]     Dirs :        27        27        27         0         0         0
[2025-07-28 16:16:18] [INFO]    Files :        84         0        84         0         0         0
[2025-07-28 16:16:18] [INFO]    Bytes :  266.02 m         0  266.02 m         0         0         0
[2025-07-28 16:16:19] [INFO]    Times :   0:00:00   0:00:00                       0:00:00   0:00:00
[2025-07-28 16:16:19] [INFO]    Ended : Monday, 28 July 2025 4:16:18 pm
[2025-07-28 16:16:19] [INFO] 
[2025-07-28 16:16:19] [INFO] Mirror operation completed (Exit code: 0)
[2025-07-28 16:16:19] [INFO] Starting Mirror operation from D:\Documents\Personal to D:\Documents\Mega\Personal
[2025-07-28 16:16:19] [INFO] 
[2025-07-28 16:16:19] [INFO] -------------------------------------------------------------------------------
[2025-07-28 16:16:19] [INFO]    ROBOCOPY     ::     Robust File Copy for Windows                              
[2025-07-28 16:16:19] [INFO] -------------------------------------------------------------------------------
[2025-07-28 16:16:19] [INFO] 
[2025-07-28 16:16:19] [INFO]   Started : Monday, 28 July 2025 4:16:19 pm
[2025-07-28 16:16:19] [INFO]    Source : D:\Documents\Personal\
[2025-07-28 16:16:19] [INFO]      Dest : D:\Documents\Mega\Personal\
[2025-07-28 16:16:19] [INFO] 
[2025-07-28 16:16:19] [INFO]     Files : *.*
[2025-07-28 16:16:19] [INFO] 	    
[2025-07-28 16:16:19] [INFO]   Options : *.* /NDL /NFL /TEE /S /E /DCOPY:DA /COPY:DAT /PURGE /MIR /Z /MT:1 /R:0 /W:0 
[2025-07-28 16:16:19] [INFO] 
[2025-07-28 16:16:19] [INFO] ------------------------------------------------------------------------------
[2025-07-28 16:16:27] [INFO] 
[2025-07-28 16:16:27] [INFO] 
[2025-07-28 16:16:27] [INFO] ------------------------------------------------------------------------------
[2025-07-28 16:16:27] [INFO] 
[2025-07-28 16:16:27] [INFO]                Total    Copied   Skipped  Mismatch    FAILED    Extras
[2025-07-28 16:16:27] [INFO]     Dirs :       680       680       680         0         0         0
[2025-07-28 16:16:27] [INFO]    Files :      3815         0      3815         0         0         0
[2025-07-28 16:16:27] [INFO]    Bytes :   1.415 g         0   1.415 g         0         0         0
[2025-07-28 16:16:27] [INFO]    Times :   0:00:08   0:00:00                       0:00:00   0:00:08
[2025-07-28 16:16:27] [INFO]    Ended : Monday, 28 July 2025 4:16:27 pm
[2025-07-28 16:16:27] [INFO] 
[2025-07-28 16:16:27] [INFO] Mirror operation completed (Exit code: 0)
[2025-07-28 16:16:27] [INFO] Starting Mirror operation from D:\Pictures to D:\Documents\Mega\Pictures
[2025-07-28 16:16:27] [INFO] 
[2025-07-28 16:16:27] [INFO] -------------------------------------------------------------------------------
[2025-07-28 16:16:27] [INFO]    ROBOCOPY     ::     Robust File Copy for Windows                              
[2025-07-28 16:16:27] [INFO] -------------------------------------------------------------------------------
[2025-07-28 16:16:27] [INFO] 
[2025-07-28 16:16:27] [INFO]   Started : Monday, 28 July 2025 4:16:27 pm
[2025-07-28 16:16:27] [INFO]    Source : D:\Pictures\
[2025-07-28 16:16:27] [INFO]      Dest : D:\Documents\Mega\Pictures\
[2025-07-28 16:16:27] [INFO] 
[2025-07-28 16:16:27] [INFO]     Files : *.*
[2025-07-28 16:16:27] [INFO] 	    
[2025-07-28 16:16:27] [INFO]   Options : *.* /NDL /NFL /TEE /S /E /DCOPY:DA /COPY:DAT /PURGE /MIR /Z /MT:1 /R:0 /W:0 
[2025-07-28 16:16:27] [INFO] 
[2025-07-28 16:16:27] [INFO] ------------------------------------------------------------------------------
[2025-07-28 16:16:27] [INFO] 
[2025-07-28 16:16:27] [INFO]   0%  
[2025-07-28 16:16:28] [INFO]   0%  
[2025-07-28 16:16:29] [INFO]   0%  
[2025-07-28 16:16:29] [INFO]   0%  
[2025-07-28 16:16:29] [INFO]   0%  
[2025-07-28 16:16:29] [INFO]   0%  
[2025-07-28 16:16:29] [INFO]   0%  
[2025-07-28 16:16:30] [INFO]   0%  
[2025-07-28 16:16:30] [INFO]   0%  
[2025-07-28 16:16:30] [INFO]   0%  
[2025-07-28 16:16:31] [INFO]   0%  
[2025-07-28 16:16:31] [INFO]   0%  
[2025-07-28 16:16:33] [INFO]   0%  
[2025-07-28 16:16:34] [INFO]   0%  
[2025-07-28 16:16:34] [INFO]   0%  
[2025-07-28 16:16:34] [INFO]   0%  
[2025-07-28 16:16:34] [INFO]   0%  
[2025-07-28 16:16:35] [INFO]   0%  
[2025-07-28 16:16:35] [INFO]   0%  
[2025-07-28 16:16:35] [INFO]   0%  
[2025-07-28 16:16:36] [INFO]   0%  
[2025-07-28 16:16:36] [INFO]   0%  
[2025-07-28 16:16:37] [INFO]   0%  
[2025-07-28 16:16:37] [INFO]   0%  
[2025-07-28 16:16:37] [INFO]   0%  
[2025-07-28 16:16:38] [INFO]   0%  
[2025-07-28 16:16:38] [INFO]   0%  
[2025-07-28 16:16:38] [INFO]   0%  
[2025-07-28 16:16:38] [INFO]   0%  
[2025-07-28 16:16:39] [INFO]   0%  
[2025-07-28 16:16:39] [INFO]   0%  
[2025-07-28 16:16:39] [INFO]   0%  
[2025-07-28 16:16:39] [INFO]   0%  
[2025-07-28 16:16:40] [INFO]   0%  
[2025-07-28 16:16:40] [INFO]   0%  
[2025-07-28 16:16:40] [INFO]   0%  
[2025-07-28 16:16:40] [INFO]   0%  
[2025-07-28 16:16:40] [INFO]   0%  
[2025-07-28 16:16:41] [INFO]   0%  
[2025-07-28 16:16:41] [INFO]   0%  
[2025-07-28 16:16:41] [INFO]   0%  
[2025-07-28 16:16:41] [INFO]   0%  
[2025-07-28 16:16:42] [INFO]   0%  
[2025-07-28 16:16:42] [INFO]   0%  
[2025-07-28 16:16:42] [INFO]   0%  
[2025-07-28 16:16:42] [INFO]   0%  
[2025-07-28 16:16:43] [INFO]   0%  
[2025-07-28 16:16:43] [INFO]   0%  
[2025-07-28 16:16:43] [INFO]   0%  
[2025-07-28 16:16:43] [INFO]   0%  
[2025-07-28 16:16:44] [INFO]   0%  
[2025-07-28 16:16:44] [INFO]   0%  
[2025-07-28 16:16:44] [INFO]   0%  
[2025-07-28 16:16:44] [INFO]   0%  
[2025-07-28 16:16:45] [INFO]   0%  
[2025-07-28 16:16:45] [INFO]   0%  
[2025-07-28 16:16:45] [INFO]   0%  
[2025-07-28 16:16:45] [INFO]   0%  
[2025-07-28 16:16:46] [INFO]   0%  
[2025-07-28 16:16:46] [INFO]   0%  
[2025-07-28 16:16:46] [INFO]   0%  
[2025-07-28 16:16:46] [INFO]   0%  
[2025-07-28 16:16:47] [INFO]   0%  
[2025-07-28 16:16:47] [INFO]   0%  
[2025-07-28 16:16:47] [INFO]   0%  
[2025-07-28 16:16:47] [INFO]   0%  
[2025-07-28 16:16:47] [INFO]   0%  
[2025-07-28 16:16:48] [INFO]   0%  
[2025-07-28 16:16:48] [INFO]   0%  
[2025-07-28 16:16:48] [INFO]   0%  
[2025-07-28 16:16:48] [INFO]   0%  
[2025-07-28 16:16:49] [INFO]   0%  
[2025-07-28 16:16:49] [INFO]   0%  
[2025-07-28 16:16:49] [INFO]   0%  
[2025-07-28 16:16:49] [INFO]   0%  
[2025-07-28 16:16:50] [INFO]   0%  
[2025-07-28 16:16:50] [INFO]   0%  
[2025-07-28 16:16:50] [INFO]   0%  
[2025-07-28 16:16:50] [INFO]   0%  
[2025-07-28 16:16:51] [INFO]   0%  
[2025-07-28 16:16:51] [INFO]   0%  
[2025-07-28 16:16:51] [INFO]   0%  
[2025-07-28 16:16:51] [INFO]   0%  
[2025-07-28 16:16:51] [INFO]   0%  
[2025-07-28 16:16:52] [INFO]   0%  
[2025-07-28 16:16:52] [INFO]   0%  
[2025-07-28 16:16:52] [INFO]   0%  
[2025-07-28 16:16:53] [INFO]   0%  
[2025-07-28 16:16:53] [INFO]   0%  
[2025-07-28 16:16:53] [INFO]   0%  
[2025-07-28 16:16:53] [INFO]   0%  
[2025-07-28 16:16:53] [INFO]   0%  
[2025-07-28 16:16:54] [INFO]   0%  
[2025-07-28 16:16:54] [INFO]   0%  
[2025-07-28 16:16:54] [INFO]   0%  
[2025-07-28 16:16:55] [INFO]   0%  
[2025-07-28 16:16:55] [INFO]   0%  
[2025-07-28 16:16:55] [INFO]   0%  
[2025-07-28 16:16:55] [INFO]   0%  
[2025-07-28 16:16:55] [INFO]   0%  
[2025-07-28 16:16:56] [INFO]   0%  
[2025-07-28 16:16:56] [INFO]   0%  
[2025-07-28 16:16:56] [INFO]   0%  
[2025-07-28 16:16:57] [INFO]   0%  
[2025-07-28 16:16:57] [INFO]   0%  
[2025-07-28 16:16:57] [INFO]   0%  
[2025-07-28 16:16:57] [INFO]   0%  
[2025-07-28 16:16:57] [INFO]   0%  
[2025-07-28 16:16:58] [INFO]   0%  
[2025-07-28 16:16:58] [INFO]   0%  
[2025-07-28 16:16:58] [INFO]   0%  
[2025-07-28 16:16:58] [INFO]   0%  
[2025-07-28 16:16:59] [INFO]   0%  
[2025-07-28 16:16:59] [INFO]   0%  
[2025-07-28 16:17:00] [INFO]   0%  
[2025-07-28 16:17:00] [INFO]   0%  
[2025-07-28 16:17:00] [INFO]   0%  
[2025-07-28 16:17:00] [INFO]   0%  
[2025-07-28 16:17:00] [INFO]   0%  
[2025-07-28 16:17:01] [INFO]   0%  
[2025-07-28 16:17:01] [INFO]   0%  
[2025-07-28 16:17:01] [INFO]   0%  
[2025-07-28 16:17:01] [INFO]   0%  
[2025-07-28 16:17:02] [INFO]   0%  
[2025-07-28 16:17:02] [INFO]   0%  
[2025-07-28 16:17:02] [INFO]   0%  
[2025-07-28 16:17:03] [INFO]   0%  
[2025-07-28 16:17:03] [INFO]   0%  
[2025-07-28 16:17:03] [INFO]   0%  
[2025-07-28 16:17:03] [INFO]   0%  
[2025-07-28 16:17:04] [INFO]   0%  
[2025-07-28 16:17:04] [INFO]   0%  
[2025-07-28 16:17:04] [INFO]   0%  
[2025-07-28 16:17:04] [INFO]   0%  
[2025-07-28 16:17:04] [INFO]   0%  
[2025-07-28 16:17:05] [INFO]   0%  
[2025-07-28 16:17:05] [INFO]   0%  
[2025-07-28 16:17:05] [INFO]   0%  
[2025-07-28 16:17:06] [INFO]   0%  
[2025-07-28 16:17:06] [INFO]   0%  
[2025-07-28 16:17:06] [INFO]   0%  
[2025-07-28 16:17:06] [INFO]   0%  
[2025-07-28 16:17:07] [INFO]   0%  
[2025-07-28 16:17:07] [INFO]   0%  
[2025-07-28 16:17:07] [INFO]   0%  
[2025-07-28 16:17:08] [INFO]   0%  
[2025-07-28 16:17:08] [INFO]   0%  
[2025-07-28 16:17:08] [INFO]   0%  
[2025-07-28 16:17:08] [INFO]   0%  
[2025-07-28 16:17:09] [INFO]   0%  
[2025-07-28 16:17:09] [INFO]   0%  
[2025-07-28 16:17:09] [INFO]   0%  
[2025-07-28 16:17:10] [INFO]   0%  
[2025-07-28 16:17:10] [INFO]   0%  
[2025-07-28 16:17:11] [INFO]   0%  
[2025-07-28 16:17:11] [INFO]   0%  
[2025-07-28 16:17:12] [INFO]   0%  
[2025-07-28 16:17:12] [INFO]   0%  
[2025-07-28 16:17:12] [INFO]   0%  
[2025-07-28 16:17:13] [INFO]   0%  
[2025-07-28 16:17:14] [INFO]   0%  
[2025-07-28 16:17:14] [INFO]   0%  
[2025-07-28 16:17:14] [INFO]   0%  
[2025-07-28 16:17:15] [INFO]   0%  
[2025-07-28 16:17:15] [INFO]   0%  
[2025-07-28 16:17:15] [INFO]   0%  
[2025-07-28 16:17:16] [INFO]   0%  
[2025-07-28 16:17:16] [INFO]   0%  
[2025-07-28 16:17:18] [INFO]   0%  
[2025-07-28 16:17:18] [INFO]   0%  
[2025-07-28 16:17:18] [INFO]   0%  
[2025-07-28 16:17:18] [INFO]   0%  
[2025-07-28 16:17:19] [INFO]   0%  
[2025-07-28 16:17:19] [INFO]   0%  
[2025-07-28 16:17:20] [INFO]   0%  
[2025-07-28 16:17:21] [INFO]   0%  
[2025-07-28 16:17:21] [INFO]   0%  
[2025-07-28 16:17:21] [INFO]   0%  
[2025-07-28 16:17:21] [INFO]   0%  
[2025-07-28 16:17:22] [INFO]   0%  
[2025-07-28 16:17:22] [INFO]   0%  
[2025-07-28 16:17:22] [INFO]   0%  
[2025-07-28 16:17:23] [INFO]   0%  
[2025-07-28 16:17:23] [INFO]   0%  
[2025-07-28 16:17:23] [INFO]   0%  
[2025-07-28 16:17:23] [INFO]   0%  
[2025-07-28 16:17:24] [INFO]   0%  
[2025-07-28 16:17:25] [INFO]   0%  
[2025-07-28 16:17:25] [INFO]   0%  
[2025-07-28 16:17:26] [INFO]   0%  
[2025-07-28 16:17:26] [INFO]   0%  
[2025-07-28 16:17:26] [INFO]   0%  
[2025-07-28 16:17:27] [INFO]   0%  
[2025-07-28 16:17:27] [INFO]   0%  
[2025-07-28 16:17:27] [INFO]   0%  
[2025-07-28 16:17:28] [INFO]   0%  
[2025-07-28 16:17:28] [INFO]   0%  
[2025-07-28 16:17:28] [INFO]   0%  
[2025-07-28 16:17:29] [INFO]   0%  
[2025-07-28 16:17:29] [INFO]   0%  
[2025-07-28 16:17:29] [INFO]   0%  
[2025-07-28 16:17:30] [INFO]   0%  
[2025-07-28 16:17:30] [INFO]   0%  
[2025-07-28 16:17:30] [INFO]   0%  
[2025-07-28 16:17:30] [INFO]   0%  
[2025-07-28 16:17:31] [INFO]   0%  
[2025-07-28 16:17:31] [INFO]   0%  
[2025-07-28 16:17:31] [INFO]   0%  
[2025-07-28 16:17:32] [INFO]   0%  
[2025-07-28 16:17:32] [INFO]   0%  
[2025-07-28 16:17:32] [INFO]   0%  
[2025-07-28 16:17:32] [INFO]   0%  
[2025-07-28 16:17:33] [INFO]   0%  
[2025-07-28 16:17:33] [INFO]   0%  
[2025-07-28 16:17:33] [INFO]   0%  
[2025-07-28 16:17:34] [INFO]   0%  
[2025-07-28 16:17:34] [INFO]   0%  
[2025-07-28 16:17:34] [INFO]   0%  
[2025-07-28 16:17:34] [INFO]   0%  
[2025-07-28 16:17:34] [INFO]   0%  
[2025-07-28 16:17:35] [INFO]   0%  
[2025-07-28 16:17:35] [INFO]   0%  
[2025-07-28 16:17:35] [INFO]   0%  
[2025-07-28 16:17:36] [INFO]   0%  
[2025-07-28 16:17:36] [INFO]   0%  
[2025-07-28 16:17:36] [INFO]   0%  
[2025-07-28 16:17:36] [INFO]   0%  
[2025-07-28 16:17:37] [INFO]   0%  
[2025-07-28 16:17:37] [INFO]   0%  
[2025-07-28 16:17:37] [INFO]   0%  
[2025-07-28 16:17:37] [INFO]   0%  
[2025-07-28 16:17:38] [INFO]   0%  
[2025-07-28 16:17:38] [INFO]   0%  
[2025-07-28 16:17:38] [INFO]   0%  
[2025-07-28 16:17:38] [INFO]   0%  
[2025-07-28 16:17:39] [INFO]   0%  
[2025-07-28 16:17:39] [INFO]   0%  
[2025-07-28 16:17:39] [INFO]   0%  
[2025-07-28 16:17:39] [INFO]   0%  
[2025-07-28 16:17:39] [INFO]   0%  
[2025-07-28 16:17:40] [INFO]   0%  
[2025-07-28 16:17:40] [INFO]   0%  
[2025-07-28 16:17:40] [INFO]   0%  
[2025-07-28 16:17:41] [INFO]   0%  
[2025-07-28 16:17:41] [INFO]   0%  
[2025-07-28 16:17:41] [INFO]   0%  
[2025-07-28 16:17:41] [INFO]   0%  
[2025-07-28 16:17:42] [INFO]   0%  
[2025-07-28 16:17:42] [INFO]   0%  
[2025-07-28 16:17:42] [INFO]   0%  
[2025-07-28 16:17:42] [INFO]   0%  
[2025-07-28 16:17:43] [INFO]   0%  
[2025-07-28 16:17:43] [INFO]   0%  
[2025-07-28 16:17:43] [INFO]   0%  
[2025-07-28 16:17:43] [INFO]   0%  
[2025-07-28 16:17:44] [INFO]   0%  
[2025-07-28 16:17:44] [INFO]   0%  
[2025-07-28 16:17:44] [INFO]   0%  
[2025-07-28 16:17:44] [INFO]   0%  
[2025-07-28 16:17:45] [INFO]   0%  
[2025-07-28 16:17:45] [INFO]   0%  
[2025-07-28 16:17:45] [INFO]   0%  
[2025-07-28 16:17:45] [INFO]   0%  
[2025-07-28 16:17:45] [INFO]   0%  
[2025-07-28 16:17:46] [INFO]   0%  
[2025-07-28 16:17:46] [INFO]   0%  
[2025-07-28 16:17:46] [INFO]   0%  
[2025-07-28 16:17:47] [INFO]   0%  
[2025-07-28 16:17:47] [INFO]   0%  
[2025-07-28 16:17:47] [INFO]   0%  
[2025-07-28 16:17:48] [INFO]   0%  
[2025-07-28 16:17:48] [INFO]   0%  
[2025-07-28 16:17:48] [INFO]   0%  
[2025-07-28 16:17:49] [INFO]   0%  
[2025-07-28 16:17:49] [INFO]   0%  
[2025-07-28 16:17:49] [INFO]   0%  
[2025-07-28 16:17:49] [INFO]   0%  
[2025-07-28 16:17:49] [INFO]   0%  
[2025-07-28 16:17:50] [INFO]   0%  
[2025-07-28 16:17:50] [INFO]   0%  
[2025-07-28 16:17:50] [INFO]   0%  
[2025-07-28 16:17:51] [INFO]   0%  
[2025-07-28 16:17:51] [INFO]   0%  
[2025-07-28 16:17:52] [INFO]   0%  
[2025-07-28 16:17:52] [INFO]   0%  
[2025-07-28 16:17:52] [INFO]   0%  
[2025-07-28 16:17:52] [INFO]   0%  
[2025-07-28 16:17:53] [INFO]   0%  
[2025-07-28 16:17:53] [INFO]   0%  
[2025-07-28 16:17:53] [INFO]   0%  
[2025-07-28 16:17:53] [INFO]   0%  
[2025-07-28 16:17:53] [INFO]   0%  
[2025-07-28 16:17:54] [INFO]   0%  
[2025-07-28 16:17:54] [INFO]   0%  
[2025-07-28 16:17:54] [INFO]   0%  
[2025-07-28 16:17:55] [INFO]   0%  
[2025-07-28 16:17:55] [INFO]   0%  
[2025-07-28 16:17:55] [INFO]   0%  
[2025-07-28 16:17:55] [INFO]   0%  
[2025-07-28 16:17:56] [INFO]   0%  
[2025-07-28 16:17:56] [INFO]   0%  
[2025-07-28 16:17:57] [INFO]   0%  
[2025-07-28 16:17:57] [INFO]   0%  
[2025-07-28 16:17:58] [INFO]   0%  
[2025-07-28 16:17:59] [INFO]   0%  
[2025-07-28 16:18:00] [INFO]   0%  
[2025-07-28 16:18:00] [INFO]   0%  
[2025-07-28 16:18:00] [INFO]   0%  
[2025-07-28 16:18:01] [INFO]   0%  
[2025-07-28 16:18:01] [INFO]   0%  
[2025-07-28 16:18:01] [INFO]   0%  
[2025-07-28 16:18:02] [INFO]   0%  
[2025-07-28 16:18:02] [INFO]   0%  
[2025-07-28 16:18:02] [INFO]   0%  
[2025-07-28 16:18:03] [INFO]   0%  
[2025-07-28 16:18:03] [INFO]   0%  
[2025-07-28 16:18:03] [INFO]   0%  
[2025-07-28 16:18:03] [INFO]   0%  
[2025-07-28 16:18:04] [INFO]   0%  
[2025-07-28 16:18:04] [INFO]   0%  
[2025-07-28 16:18:04] [INFO]   0%  
[2025-07-28 16:18:04] [INFO]   0%  
[2025-07-28 16:18:05] [INFO]   0%  
[2025-07-28 16:18:05] [INFO]   0%  
[2025-07-28 16:18:05] [INFO]   0%  
[2025-07-28 16:18:05] [INFO]   0%  
[2025-07-28 16:18:06] [INFO]   0%  
[2025-07-28 16:18:06] [INFO]   0%  
[2025-07-28 16:18:07] [INFO]   0%  
[2025-07-28 16:18:07] [INFO]   0%  
[2025-07-28 16:18:07] [INFO]   0%  
[2025-07-28 16:18:07] [INFO]   0%  
[2025-07-28 16:18:08] [INFO]   0%  
[2025-07-28 16:18:08] [INFO]   0%  
[2025-07-28 16:18:08] [INFO]   0%  
[2025-07-28 16:18:08] [INFO]   0%  
[2025-07-28 16:18:09] [INFO]   0%  
[2025-07-28 16:18:09] [INFO]   0%  
[2025-07-28 16:18:09] [INFO]   0%  
[2025-07-28 16:18:09] [INFO]   0%  
[2025-07-28 16:18:10] [INFO]   0%  
[2025-07-28 16:18:10] [INFO]   0%  
[2025-07-28 16:18:10] [INFO]   0%  
[2025-07-28 16:18:10] [INFO]   0%  
[2025-07-28 16:18:11] [INFO]   0%  
[2025-07-28 16:18:11] [INFO]   0%  
[2025-07-28 16:18:11] [INFO]   0%  
[2025-07-28 16:18:12] [INFO]   0%  
[2025-07-28 16:18:12] [INFO]   0%  
[2025-07-28 16:18:12] [INFO]   0%  
[2025-07-28 16:18:13] [INFO]   0%  
[2025-07-28 16:18:13] [INFO]   0%  
[2025-07-28 16:18:13] [INFO]   0%  
[2025-07-28 16:18:14] [INFO]   0%  
[2025-07-28 16:18:14] [INFO]   0%  
[2025-07-28 16:18:15] [INFO]   0%  
[2025-07-28 16:18:15] [INFO]   0%  
[2025-07-28 16:18:15] [INFO]   0%  
[2025-07-28 16:18:16] [INFO]   0%  
[2025-07-28 16:18:16] [INFO]   0%  
[2025-07-28 16:18:16] [INFO]   0%  
[2025-07-28 16:18:16] [INFO]   0%  
[2025-07-28 16:18:17] [INFO]   0%  
[2025-07-28 16:18:17] [INFO]   0%  
[2025-07-28 16:18:17] [INFO]   0%  
[2025-07-28 16:18:18] [INFO]   0%  
[2025-07-28 16:18:18] [INFO]   0%  
[2025-07-28 16:18:18] [INFO]   0%  
[2025-07-28 16:18:19] [INFO]   0%  
[2025-07-28 16:18:19] [INFO]   0%  
[2025-07-28 16:18:19] [INFO]   0%  
[2025-07-28 16:18:19] [INFO]   0%  
[2025-07-28 16:18:20] [INFO]   0%  
[2025-07-28 16:18:20] [INFO]   0%  
[2025-07-28 16:18:20] [INFO]   0%  
[2025-07-28 16:18:20] [INFO]   0%  
[2025-07-28 16:18:21] [INFO]   0%  
[2025-07-28 16:18:21] [INFO]   0%  
[2025-07-28 16:18:21] [INFO]   0%  
[2025-07-28 16:18:22] [INFO]   0%  
[2025-07-28 16:18:22] [INFO]   0%  
[2025-07-28 16:18:22] [INFO]   0%  
[2025-07-28 16:18:23] [INFO]   0%  
[2025-07-28 16:18:23] [INFO]   0%  
[2025-07-28 16:18:23] [INFO]   0%  
[2025-07-28 16:18:24] [INFO]   0%  
[2025-07-28 16:18:24] [INFO]   0%  
[2025-07-28 16:18:24] [INFO]   0%  
[2025-07-28 16:18:24] [INFO]   0%  
[2025-07-28 16:18:25] [INFO]   0%  
[2025-07-28 16:18:25] [INFO]   0%  
[2025-07-28 16:18:25] [INFO]   0%  
[2025-07-28 16:18:26] [INFO]   0%  
[2025-07-28 16:18:26] [INFO]   0%  
[2025-07-28 16:18:26] [INFO]   0%  
[2025-07-28 16:18:26] [INFO]   0%  
[2025-07-28 16:18:27] [INFO]   0%  
[2025-07-28 16:18:27] [INFO]   0%  
[2025-07-28 16:18:27] [INFO]   0%  
[2025-07-28 16:18:27] [INFO]   0%  
[2025-07-28 16:18:28] [INFO]   0%  
[2025-07-28 16:18:28] [INFO]   0%  
[2025-07-28 16:18:28] [INFO]   0%  
[2025-07-28 16:18:29] [INFO]   0%  
[2025-07-28 16:18:29] [INFO]   0%  
[2025-07-28 16:18:29] [INFO]   0%  
[2025-07-28 16:18:30] [INFO]   0%  
[2025-07-28 16:18:30] [INFO]   0%  
[2025-07-28 16:18:30] [INFO]   0%  
[2025-07-28 16:18:31] [INFO]   0%  
[2025-07-28 16:18:31] [INFO]   0%  
[2025-07-28 16:18:31] [INFO]   0%  
[2025-07-28 16:18:31] [INFO]   0%  
[2025-07-28 16:18:32] [INFO]   0%  
[2025-07-28 16:18:32] [INFO]   0%  
[2025-07-28 16:18:33] [INFO]   0%  
[2025-07-28 16:18:33] [INFO]   0%  
[2025-07-28 16:18:33] [INFO]   0%  
[2025-07-28 16:18:34] [INFO]   0%  
[2025-07-28 16:18:34] [INFO]   0%  
[2025-07-28 16:18:34] [INFO]   0%  
[2025-07-28 16:18:34] [INFO]   0%  
[2025-07-28 16:18:35] [INFO]   0%  
[2025-07-28 16:18:35] [INFO]   0%  
[2025-07-28 16:18:35] [INFO]   0%  
[2025-07-28 16:18:36] [INFO]   0%  
[2025-07-28 16:18:36] [INFO]   0%  
[2025-07-28 16:18:36] [INFO]   0%  
[2025-07-28 16:18:37] [INFO]   0%  
[2025-07-28 16:18:37] [INFO]   0%  
[2025-07-28 16:18:37] [INFO]   0%  
[2025-07-28 16:18:37] [INFO]   0%  
[2025-07-28 16:18:38] [INFO]   0%  
[2025-07-28 16:18:38] [INFO]   0%  
[2025-07-28 16:18:38] [INFO]   0%  
[2025-07-28 16:18:38] [INFO]   0%  
[2025-07-28 16:18:39] [INFO]   0%  
[2025-07-28 16:18:39] [INFO]   0%  
[2025-07-28 16:18:39] [INFO]   0%  
[2025-07-28 16:18:40] [INFO]   0%  
[2025-07-28 16:18:40] [INFO]   0%  
[2025-07-28 16:18:40] [INFO]   0%  
[2025-07-28 16:18:41] [INFO]   0%  
[2025-07-28 16:18:41] [INFO]   0%  
[2025-07-28 16:18:41] [INFO]   0%  
[2025-07-28 16:18:41] [INFO]   0%  
[2025-07-28 16:18:41] [INFO]   0%  
[2025-07-28 16:18:42] [INFO]   0%  
[2025-07-28 16:18:42] [INFO]   0%  
[2025-07-28 16:18:42] [INFO]   0%  
[2025-07-28 16:18:42] [INFO]   0%  
[2025-07-28 16:18:43] [INFO]   0%  
[2025-07-28 16:18:43] [INFO]   0%  
[2025-07-28 16:18:43] [INFO]   0%  
[2025-07-28 16:18:44] [INFO]   0%  
[2025-07-28 16:18:44] [INFO]   0%  
[2025-07-28 16:18:45] [INFO]   0%  
[2025-07-28 16:18:45] [INFO]   0%  
[2025-07-28 16:18:45] [INFO]   0%  
[2025-07-28 16:18:46] [INFO]   0%  
[2025-07-28 16:18:46] [INFO]   0%  
[2025-07-28 16:18:46] [INFO]   0%  
[2025-07-28 16:18:46] [INFO]   0%  
[2025-07-28 16:18:48] [INFO]   0%  
[2025-07-28 16:18:48] [INFO]   0%  
[2025-07-28 16:18:48] [INFO]   0%  
[2025-07-28 16:18:48] [INFO]   0%  
[2025-07-28 16:18:49] [INFO]   0%  
[2025-07-28 16:18:49] [INFO]   0%  
[2025-07-28 16:18:49] [INFO]   0%  
[2025-07-28 16:18:49] [INFO]   0%  
[2025-07-28 16:18:50] [INFO]   0%  
[2025-07-28 16:18:50] [INFO]   0%  
[2025-07-28 16:18:50] [INFO]   0%  
[2025-07-28 16:18:51] [INFO]   0%  
[2025-07-28 16:18:51] [INFO]   0%  
[2025-07-28 16:18:51] [INFO]   0%  
[2025-07-28 16:18:52] [INFO]   0%  
[2025-07-28 16:18:52] [INFO]   0%  
[2025-07-28 16:18:52] [INFO]   0%  
[2025-07-28 16:18:53] [INFO]   0%  
[2025-07-28 16:18:53] [INFO]   0%  
[2025-07-28 16:18:53] [INFO]   0%  
[2025-07-28 16:18:53] [INFO]   0%  
[2025-07-28 16:18:53] [INFO]   0%  
[2025-07-28 16:18:54] [INFO]   0%  
[2025-07-28 16:18:54] [INFO]   0%  
[2025-07-28 16:18:55] [INFO]   0%  
[2025-07-28 16:18:55] [INFO]   0%  
[2025-07-28 16:18:55] [INFO]   0%  
[2025-07-28 16:18:55] [INFO]   0%  
[2025-07-28 16:18:55] [INFO]   0%  
[2025-07-28 16:18:56] [INFO]   0%  
[2025-07-28 16:18:56] [INFO]   0%  
[2025-07-28 16:18:56] [INFO]   0%  
[2025-07-28 16:18:57] [INFO]   0%  
[2025-07-28 16:18:57] [INFO]   0%  
[2025-07-28 16:18:57] [INFO]   0%  
[2025-07-28 16:18:57] [INFO]   0%  
[2025-07-28 16:18:57] [INFO]   0%  
[2025-07-28 16:18:58] [INFO]   0%  
[2025-07-28 16:18:58] [INFO]   0%  
[2025-07-28 16:18:58] [INFO]   0%  
[2025-07-28 16:18:58] [INFO]   0%  
[2025-07-28 16:18:58] [INFO]   0%  
[2025-07-28 16:18:59] [INFO]   0%  
[2025-07-28 16:18:59] [INFO]   0%  
[2025-07-28 16:18:59] [INFO]   0%  
[2025-07-28 16:18:59] [INFO]   0%  
[2025-07-28 16:19:00] [INFO]   0%  
[2025-07-28 16:19:00] [INFO]   0%  
[2025-07-28 16:19:00] [INFO]   0%  
[2025-07-28 16:19:00] [INFO]   0%  
[2025-07-28 16:19:01] [INFO]   0%  
[2025-07-28 16:19:01] [INFO]   0%  
[2025-07-28 16:19:01] [INFO]   0%  
[2025-07-28 16:19:01] [INFO]   0%  
[2025-07-28 16:19:02] [INFO]   0%  
[2025-07-28 16:19:02] [INFO]   0%  
[2025-07-28 16:19:03] [INFO]   0%  
[2025-07-28 16:19:03] [INFO]   0%  
[2025-07-28 16:19:03] [INFO]   0%  
[2025-07-28 16:19:03] [INFO]   0%  
[2025-07-28 16:19:04] [INFO]   0%  
[2025-07-28 16:19:04] [INFO]   0%  
[2025-07-28 16:19:04] [INFO]   0%  
[2025-07-28 16:19:04] [INFO]   0%  
[2025-07-28 16:19:04] [INFO]   0%  
[2025-07-28 16:19:05] [INFO]   0%  
[2025-07-28 16:19:05] [INFO]   0%  
[2025-07-28 16:19:05] [INFO]   0%  
[2025-07-28 16:19:06] [INFO]   0%  
[2025-07-28 16:19:06] [INFO]   0%  
[2025-07-28 16:19:06] [INFO]   0%  
[2025-07-28 16:19:07] [INFO]   0%  
[2025-07-28 16:19:07] [INFO]   0%  
[2025-07-28 16:19:07] [INFO]   0%  
[2025-07-28 16:19:07] [INFO]   0%  
[2025-07-28 16:19:08] [INFO]   0%  
[2025-07-28 16:19:08] [INFO]   0%  
[2025-07-28 16:19:08] [INFO]   0%  
[2025-07-28 16:19:08] [INFO]   0%  
[2025-07-28 16:19:09] [INFO]   0%  
[2025-07-28 16:19:09] [INFO]   0%  
[2025-07-28 16:19:09] [INFO]   0%  
[2025-07-28 16:19:09] [INFO]   0%  
[2025-07-28 16:19:10] [INFO]   0%  
[2025-07-28 16:19:10] [INFO]   0%  
[2025-07-28 16:19:10] [INFO]   0%  
[2025-07-28 16:19:11] [INFO]   0%  
[2025-07-28 16:19:11] [INFO]   0%  
[2025-07-28 16:19:11] [INFO]   0%  
[2025-07-28 16:19:12] [INFO]   0%  
[2025-07-28 16:19:12] [INFO]   0%  
[2025-07-28 16:19:12] [INFO]   0%  
[2025-07-28 16:19:12] [INFO]   0%  
[2025-07-28 16:19:13] [INFO]   0%  
[2025-07-28 16:19:13] [INFO]   0%  
[2025-07-28 16:19:13] [INFO]   0%  
[2025-07-28 16:19:13] [INFO]   0%  
[2025-07-28 16:19:14] [INFO]   0%  
[2025-07-28 16:19:14] [INFO]   0%  
[2025-07-28 16:19:14] [INFO]   0%  
[2025-07-28 16:19:15] [INFO]   0%  
[2025-07-28 16:19:15] [INFO]   0%  
[2025-07-28 16:19:15] [INFO]   0%  
[2025-07-28 16:19:15] [INFO]   0%  
[2025-07-28 16:19:15] [INFO]   0%  
[2025-07-28 16:19:16] [INFO]   0%  
[2025-07-28 16:19:16] [INFO]   0%  
[2025-07-28 16:19:16] [INFO]   0%  
[2025-07-28 16:19:17] [INFO]   0%  
[2025-07-28 16:19:17] [INFO]   0%  
[2025-07-28 16:19:17] [INFO]   0%  
[2025-07-28 16:19:18] [INFO]   0%  
[2025-07-28 16:19:18] [INFO]   0%  
[2025-07-28 16:19:18] [INFO]   0%  
[2025-07-28 16:19:19] [INFO]   0%  
[2025-07-28 16:19:19] [INFO]   0%  
[2025-07-28 16:19:19] [INFO]   0%  
[2025-07-28 16:19:19] [INFO]   0%  
[2025-07-28 16:19:20] [INFO]   0%  
[2025-07-28 16:19:20] [INFO]   0%  
[2025-07-28 16:19:20] [INFO]   0%  
[2025-07-28 16:19:20] [INFO]   0%  
[2025-07-28 16:19:21] [INFO]   0%  
[2025-07-28 16:19:21] [INFO]   0%  
[2025-07-28 16:19:21] [INFO]   0%  
[2025-07-28 16:19:22] [INFO]   0%  
[2025-07-28 16:19:22] [INFO]   0%  
[2025-07-28 16:19:22] [INFO]   0%  
[2025-07-28 16:19:22] [INFO]   0%  
[2025-07-28 16:19:23] [INFO]   0%  
[2025-07-28 16:19:23] [INFO]   0%  
[2025-07-28 16:19:23] [INFO]   0%  
[2025-07-28 16:19:23] [INFO]   0%  
[2025-07-28 16:19:24] [INFO]   0%  
[2025-07-28 16:19:24] [INFO]   0%  
[2025-07-28 16:19:25] [INFO]   0%  
[2025-07-28 16:19:25] [INFO]   0%  
[2025-07-28 16:19:25] [INFO]   0%  
[2025-07-28 16:19:26] [INFO]   0%  
[2025-07-28 16:19:26] [INFO]   0%  
[2025-07-28 16:19:26] [INFO]   0%  
[2025-07-28 16:19:27] [INFO]   0%  
[2025-07-28 16:19:27] [INFO]   0%  
[2025-07-28 16:19:27] [INFO]   0%  
[2025-07-28 16:19:28] [INFO]   0%  
[2025-07-28 16:19:28] [INFO]   0%  
[2025-07-28 16:19:28] [INFO]   0%  
[2025-07-28 16:19:29] [INFO]   0%  
[2025-07-28 16:19:29] [INFO]   0%  
[2025-07-28 16:19:29] [INFO]   0%  
[2025-07-28 16:19:29] [INFO]   0%  
[2025-07-28 16:19:30] [INFO]   0%  
[2025-07-28 16:19:30] [INFO]   0%  
[2025-07-28 16:19:30] [INFO]   0%  
[2025-07-28 16:19:30] [INFO]   0%  
[2025-07-28 16:19:31] [INFO]   0%  
[2025-07-28 16:19:31] [INFO]   0%  
[2025-07-28 16:19:31] [INFO]   0%  
[2025-07-28 16:19:32] [INFO]   0%  
[2025-07-28 16:19:32] [INFO]   0%  
[2025-07-28 16:19:32] [INFO]   0%  
[2025-07-28 16:19:33] [INFO]   0%  
[2025-07-28 16:19:33] [INFO]   0%  
[2025-07-28 16:19:33] [INFO]   0%  
[2025-07-28 16:19:34] [INFO]   0%  
[2025-07-28 16:19:34] [INFO]   0%  
[2025-07-28 16:19:34] [INFO]   0%  
[2025-07-28 16:19:34] [INFO]   0%  
[2025-07-28 16:19:35] [INFO]   0%  
[2025-07-28 16:19:35] [INFO]   0%  
[2025-07-28 16:19:35] [INFO]   0%  
[2025-07-28 16:19:35] [INFO]   0%  
[2025-07-28 16:19:36] [INFO]   0%  
[2025-07-28 16:19:36] [INFO]   0%  
[2025-07-28 16:19:37] [INFO]   0%  
[2025-07-28 16:19:37] [INFO]   0%  
[2025-07-28 16:19:37] [INFO]   0%  
[2025-07-28 16:19:37] [INFO]   0%  
[2025-07-28 16:19:38] [INFO]   0%  
[2025-07-28 16:19:38] [INFO]   0%  
[2025-07-28 16:19:38] [INFO]   0%  
[2025-07-28 16:19:38] [INFO]   0%  
[2025-07-28 16:19:39] [INFO]   0%  
[2025-07-28 16:19:39] [INFO]   0%  
[2025-07-28 16:19:40] [INFO]   0%  
[2025-07-28 16:19:40] [INFO]   0%  
[2025-07-28 16:19:40] [INFO]   0%  
[2025-07-28 16:19:41] [INFO]   0%  
[2025-07-28 16:19:41] [INFO]   0%  
[2025-07-28 16:19:41] [INFO]   0%  
[2025-07-28 16:19:41] [INFO]   0%  
[2025-07-28 16:19:42] [INFO]   0%  
[2025-07-28 16:19:42] [INFO]   0%  
[2025-07-28 16:19:42] [INFO]   0%  
[2025-07-28 16:19:42] [INFO]   0%  
[2025-07-28 16:19:43] [INFO]   0%  
[2025-07-28 16:19:43] [INFO]   0%  
[2025-07-28 16:19:43] [INFO]   0%  
[2025-07-28 16:19:43] [INFO]   0%  
[2025-07-28 16:19:44] [INFO]   0%  
[2025-07-28 16:19:44] [INFO]   0%  
[2025-07-28 16:19:44] [INFO]   0%  
[2025-07-28 16:19:45] [INFO]   0%  
[2025-07-28 16:19:45] [INFO]   0%  
[2025-07-28 16:19:45] [INFO]   0%  
[2025-07-28 16:19:45] [INFO]   0%  
[2025-07-28 16:19:46] [INFO]   0%  
[2025-07-28 16:19:46] [INFO]   0%  
[2025-07-28 16:19:46] [INFO]   0%  
[2025-07-28 16:19:47] [INFO]   0%  
[2025-07-28 16:19:47] [INFO]   0%  
[2025-07-28 16:19:47] [INFO]   0%  
[2025-07-28 16:19:47] [INFO]   0%  
[2025-07-28 16:19:47] [INFO]   0%  
[2025-07-28 16:19:48] [INFO]   0%  
[2025-07-28 16:19:48] [INFO]   0%  
[2025-07-28 16:19:48] [INFO]   0%  
[2025-07-28 16:19:49] [INFO]   0%  
[2025-07-28 16:19:49] [INFO]   0%  
[2025-07-28 16:19:49] [INFO] 
[2025-07-28 16:19:49] [INFO] ------------------------------------------------------------------------------
[2025-07-28 16:19:49] [INFO] 
[2025-07-28 16:19:49] [INFO]                Total    Copied   Skipped  Mismatch    FAILED    Extras
[2025-07-28 16:19:49] [INFO]     Dirs :        79        79         0         0         0         0
[2025-07-28 16:19:49] [INFO]    Files :      3679      3679         0         0         0         0
[2025-07-28 16:19:49] [INFO]    Bytes :   5.512 g   5.512 g         0         0         0         0
[2025-07-28 16:19:49] [INFO]    Times :   0:06:42   0:01:40                       0:00:00   0:01:41
[2025-07-28 16:19:49] [INFO] 
[2025-07-28 16:19:49] [INFO] 
[2025-07-28 16:19:49] [INFO]    Speed :            58777704 Bytes/sec.
[2025-07-28 16:19:49] [INFO]    Speed :            3363.287 MegaBytes/min.
[2025-07-28 16:19:49] [INFO]    Ended : Monday, 28 July 2025 4:19:49 pm
[2025-07-28 16:19:49] [INFO] 
[2025-07-28 16:19:49] [INFO] Mirror operation completed (Exit code: 1)
[2025-07-28 16:19:49] [INFO] Starting zip operation for D:\Documents\GitHub\portfolio.github.io
[2025-07-28 16:19:49] [INFO] Removing existing zip: C:\Users\Lenovo\Dropbox\portfolio.github.io-Mon.zip
[2025-07-28 16:22:19] [INFO] Successfully created zip: C:\Users\Lenovo\Dropbox\portfolio.github.io-Mon.zip
[2025-07-28 16:22:19] [INFO] Monitoring sync status...
[2025-07-28 16:22:21] [INFO] All sync operations completed
[2025-07-28 16:22:21] [INFO] Backup process completed
