[2025-07-28 14:39:10] [INFO] Starting Mirror operation from D:\Documents\GoogleDriveSync\Books to D:\Documents\Google Drive\Books
[2025-07-28 14:39:10] [INFO] 
[2025-07-28 14:39:10] [INFO] -------------------------------------------------------------------------------
[2025-07-28 14:39:10] [INFO]    ROBOCOPY     ::     Robust File Copy for Windows                              
[2025-07-28 14:39:10] [INFO] -------------------------------------------------------------------------------
[2025-07-28 14:39:10] [INFO] 
[2025-07-28 14:39:10] [INFO]   Started : Monday, 28 July 2025 2:39:10 pm
[2025-07-28 14:39:11] [INFO]    Source : D:\Documents\GoogleDriveSync\Books\
[2025-07-28 14:39:11] [INFO]      Dest : D:\Documents\Google Drive\Books\
[2025-07-28 14:39:11] [INFO] 
[2025-07-28 14:39:11] [INFO]     Files : *.*
[2025-07-28 14:39:11] [INFO] 	    
[2025-07-28 14:39:11] [INFO]   Options : *.* /NDL /NFL /TEE /S /E /DCOPY:DA /COPY:DAT /PURGE /MIR /Z /MT:1 /R:0 /W:0 
[2025-07-28 14:39:11] [INFO] 
[2025-07-28 14:39:11] [INFO] ------------------------------------------------------------------------------
[2025-07-28 14:39:11] [INFO] 
[2025-07-28 14:39:11] [INFO] 
[2025-07-28 14:39:11] [INFO] ------------------------------------------------------------------------------
[2025-07-28 14:39:11] [INFO] 
[2025-07-28 14:39:11] [INFO]                Total    Copied   Skipped  Mismatch    FAILED    Extras
[2025-07-28 14:39:11] [INFO]     Dirs :         5         5         5         0         0         0
[2025-07-28 14:39:11] [INFO]    Files :        56         0        56         0         0         0
[2025-07-28 14:39:11] [INFO]    Bytes :  947.84 m         0  947.84 m         0         0         0
[2025-07-28 14:39:11] [INFO]    Times :   0:00:00   0:00:00                       0:00:00   0:00:00
[2025-07-28 14:39:11] [INFO]    Ended : Monday, 28 July 2025 2:39:10 pm
[2025-07-28 14:39:11] [INFO] 
[2025-07-28 14:39:11] [INFO] Mirror operation completed (Exit code: 0)
[2025-07-28 14:39:11] [INFO] Starting Mirror operation from D:\Documents\GoogleDriveSync\Piano to D:\Documents\Google Drive\Piano
[2025-07-28 14:39:11] [INFO] 
[2025-07-28 14:39:11] [INFO] -------------------------------------------------------------------------------
[2025-07-28 14:39:11] [INFO]    ROBOCOPY     ::     Robust File Copy for Windows                              
[2025-07-28 14:39:11] [INFO] -------------------------------------------------------------------------------
[2025-07-28 14:39:11] [INFO] 
[2025-07-28 14:39:11] [INFO]   Started : Monday, 28 July 2025 2:39:11 pm
[2025-07-28 14:39:11] [INFO]    Source : D:\Documents\GoogleDriveSync\Piano\
[2025-07-28 14:39:11] [INFO]      Dest : D:\Documents\Google Drive\Piano\
[2025-07-28 14:39:11] [INFO] 
[2025-07-28 14:39:11] [INFO]     Files : *.*
[2025-07-28 14:39:11] [INFO] 	    
[2025-07-28 14:39:11] [INFO]   Options : *.* /NDL /NFL /TEE /S /E /DCOPY:DA /COPY:DAT /PURGE /MIR /Z /MT:1 /R:0 /W:0 
[2025-07-28 14:39:11] [INFO] 
[2025-07-28 14:39:11] [INFO] ------------------------------------------------------------------------------
[2025-07-28 14:39:11] [INFO] 
[2025-07-28 14:39:11] [INFO] 
[2025-07-28 14:39:11] [INFO] ------------------------------------------------------------------------------
[2025-07-28 14:39:11] [INFO] 
[2025-07-28 14:39:11] [INFO]                Total    Copied   Skipped  Mismatch    FAILED    Extras
[2025-07-28 14:39:11] [INFO]     Dirs :         1         1         1         0         0         0
[2025-07-28 14:39:11] [INFO]    Files :         1         0         1         0         0         0
[2025-07-28 14:39:11] [INFO]    Bytes :    13.3 k         0    13.3 k         0         0         0
[2025-07-28 14:39:11] [INFO]    Times :   0:00:00   0:00:00                       0:00:00   0:00:00
[2025-07-28 14:39:11] [INFO]    Ended : Monday, 28 July 2025 2:39:11 pm
[2025-07-28 14:39:11] [INFO] 
[2025-07-28 14:39:11] [INFO] Mirror operation completed (Exit code: 0)
[2025-07-28 14:39:11] [INFO] Starting Mirror operation from D:\Documents\GoogleDriveSync\SketchUp to D:\Documents\Google Drive\SketchUp
[2025-07-28 14:39:11] [INFO] 
[2025-07-28 14:39:11] [INFO] -------------------------------------------------------------------------------
[2025-07-28 14:39:11] [INFO]    ROBOCOPY     ::     Robust File Copy for Windows                              
[2025-07-28 14:39:11] [INFO] -------------------------------------------------------------------------------
[2025-07-28 14:39:11] [INFO] 
[2025-07-28 14:39:11] [INFO]   Started : Monday, 28 July 2025 2:39:11 pm
[2025-07-28 14:39:11] [INFO]    Source : D:\Documents\GoogleDriveSync\SketchUp\
[2025-07-28 14:39:11] [INFO]      Dest : D:\Documents\Google Drive\SketchUp\
[2025-07-28 14:39:11] [INFO] 
[2025-07-28 14:39:11] [INFO]     Files : *.*
[2025-07-28 14:39:11] [INFO] 	    
[2025-07-28 14:39:11] [INFO]   Options : *.* /NDL /NFL /TEE /S /E /DCOPY:DA /COPY:DAT /PURGE /MIR /Z /MT:1 /R:0 /W:0 
[2025-07-28 14:39:11] [INFO] 
[2025-07-28 14:39:11] [INFO] ------------------------------------------------------------------------------
[2025-07-28 14:39:11] [INFO] 
[2025-07-28 14:39:11] [INFO] 
[2025-07-28 14:39:11] [INFO] ------------------------------------------------------------------------------
[2025-07-28 14:39:11] [INFO] 
[2025-07-28 14:39:11] [INFO]                Total    Copied   Skipped  Mismatch    FAILED    Extras
[2025-07-28 14:39:11] [INFO]     Dirs :        19        19        19         0         0         0
[2025-07-28 14:39:11] [INFO]    Files :        88         0        88         0         0         0
[2025-07-28 14:39:11] [INFO]    Bytes :  438.33 m         0  438.33 m         0         0         0
[2025-07-28 14:39:11] [INFO]    Times :   0:00:00   0:00:00                       0:00:00   0:00:00
[2025-07-28 14:39:11] [INFO]    Ended : Monday, 28 July 2025 2:39:11 pm
[2025-07-28 14:39:11] [INFO] 
[2025-07-28 14:39:11] [INFO] Mirror operation completed (Exit code: 0)
[2025-07-28 14:39:11] [INFO] Starting Mirror operation from D:\Documents\GoogleDriveSync\Software to D:\Documents\Google Drive\Software
[2025-07-28 14:39:12] [INFO] 
[2025-07-28 14:39:12] [INFO] -------------------------------------------------------------------------------
[2025-07-28 14:39:12] [INFO]    ROBOCOPY     ::     Robust File Copy for Windows                              
[2025-07-28 14:39:12] [INFO] -------------------------------------------------------------------------------
[2025-07-28 14:39:12] [INFO] 
[2025-07-28 14:39:12] [INFO]   Started : Monday, 28 July 2025 2:39:12 pm
[2025-07-28 14:39:12] [INFO]    Source : D:\Documents\GoogleDriveSync\Software\
[2025-07-28 14:39:12] [INFO]      Dest : D:\Documents\Google Drive\Software\
[2025-07-28 14:39:12] [INFO] 
[2025-07-28 14:39:12] [INFO]     Files : *.*
[2025-07-28 14:39:12] [INFO] 	    
[2025-07-28 14:39:12] [INFO]   Options : *.* /NDL /NFL /TEE /S /E /DCOPY:DA /COPY:DAT /PURGE /MIR /Z /MT:1 /R:0 /W:0 
[2025-07-28 14:39:12] [INFO] 
[2025-07-28 14:39:12] [INFO] ------------------------------------------------------------------------------
[2025-07-28 14:39:12] [INFO] 
[2025-07-28 14:39:12] [INFO] 
[2025-07-28 14:39:12] [INFO] ------------------------------------------------------------------------------
[2025-07-28 14:39:12] [INFO] 
[2025-07-28 14:39:12] [INFO]                Total    Copied   Skipped  Mismatch    FAILED    Extras
[2025-07-28 14:39:12] [INFO]     Dirs :        99        99        99         0         0         0
[2025-07-28 14:39:12] [INFO]    Files :        44         1        43         0         0         0
[2025-07-28 14:39:12] [INFO]    Bytes :  860.87 m       106  860.87 m         0         0         0
[2025-07-28 14:39:12] [INFO]    Times :   0:00:00   0:00:00                       0:00:00   0:00:00
[2025-07-28 14:39:12] [INFO] 
[2025-07-28 14:39:12] [INFO] 
[2025-07-28 14:39:12] [INFO]    Speed :                4608 Bytes/sec.
[2025-07-28 14:39:12] [INFO]    Speed :               0.263 MegaBytes/min.
[2025-07-28 14:39:12] [INFO]    Ended : Monday, 28 July 2025 2:39:12 pm
[2025-07-28 14:39:12] [INFO] 
[2025-07-28 14:39:12] [INFO] Mirror operation completed (Exit code: 1)
[2025-07-28 14:39:12] [INFO] Starting Mirror operation from D:\Documents\GoogleDriveSync\Woodwork to D:\Documents\Google Drive\Woodwork
[2025-07-28 14:39:12] [INFO] 
[2025-07-28 14:39:12] [INFO] -------------------------------------------------------------------------------
[2025-07-28 14:39:12] [INFO]    ROBOCOPY     ::     Robust File Copy for Windows                              
[2025-07-28 14:39:12] [INFO] -------------------------------------------------------------------------------
[2025-07-28 14:39:12] [INFO] 
[2025-07-28 14:39:12] [INFO]   Started : Monday, 28 July 2025 2:39:12 pm
[2025-07-28 14:39:12] [INFO]    Source : D:\Documents\GoogleDriveSync\Woodwork\
[2025-07-28 14:39:12] [INFO]      Dest : D:\Documents\Google Drive\Woodwork\
[2025-07-28 14:39:12] [INFO] 
[2025-07-28 14:39:12] [INFO]     Files : *.*
[2025-07-28 14:39:12] [INFO] 	    
[2025-07-28 14:39:12] [INFO]   Options : *.* /NDL /NFL /TEE /S /E /DCOPY:DA /COPY:DAT /PURGE /MIR /Z /MT:1 /R:0 /W:0 
[2025-07-28 14:39:12] [INFO] 
[2025-07-28 14:39:12] [INFO] ------------------------------------------------------------------------------
[2025-07-28 14:39:12] [INFO] 
[2025-07-28 14:39:12] [INFO] 
[2025-07-28 14:39:12] [INFO] ------------------------------------------------------------------------------
[2025-07-28 14:39:12] [INFO] 
[2025-07-28 14:39:12] [INFO]                Total    Copied   Skipped  Mismatch    FAILED    Extras
[2025-07-28 14:39:12] [INFO]     Dirs :         7         7         7         0         0         0
[2025-07-28 14:39:12] [INFO]    Files :        17         0        17         0         0         0
[2025-07-28 14:39:12] [INFO]    Bytes :  158.42 m         0  158.42 m         0         0         0
[2025-07-28 14:39:12] [INFO]    Times :   0:00:00   0:00:00                       0:00:00   0:00:00
[2025-07-28 14:39:12] [INFO]    Ended : Monday, 28 July 2025 2:39:12 pm
[2025-07-28 14:39:12] [INFO] 
[2025-07-28 14:39:12] [INFO] Mirror operation completed (Exit code: 0)
[2025-07-28 14:39:12] [INFO] Starting Mirror operation from D:\Documents\GoogleDriveSync\Zoom to D:\Documents\Google Drive\Zoom
[2025-07-28 14:39:13] [INFO] 
[2025-07-28 14:39:13] [INFO] -------------------------------------------------------------------------------
[2025-07-28 14:39:13] [INFO]    ROBOCOPY     ::     Robust File Copy for Windows                              
[2025-07-28 14:39:13] [INFO] -------------------------------------------------------------------------------
[2025-07-28 14:39:13] [INFO] 
[2025-07-28 14:39:13] [INFO]   Started : Monday, 28 July 2025 2:39:13 pm
[2025-07-28 14:39:13] [INFO]    Source : D:\Documents\GoogleDriveSync\Zoom\
[2025-07-28 14:39:13] [INFO]      Dest : D:\Documents\Google Drive\Zoom\
[2025-07-28 14:39:13] [INFO] 
[2025-07-28 14:39:13] [INFO]     Files : *.*
[2025-07-28 14:39:13] [INFO] 	    
[2025-07-28 14:39:13] [INFO]   Options : *.* /NDL /NFL /TEE /S /E /DCOPY:DA /COPY:DAT /PURGE /MIR /Z /MT:1 /R:0 /W:0 
[2025-07-28 14:39:13] [INFO] 
[2025-07-28 14:39:13] [INFO] ------------------------------------------------------------------------------
[2025-07-28 14:39:13] [INFO] 
[2025-07-28 14:39:13] [INFO] 
[2025-07-28 14:39:13] [INFO] ------------------------------------------------------------------------------
[2025-07-28 14:39:13] [INFO] 
[2025-07-28 14:39:13] [INFO]                Total    Copied   Skipped  Mismatch    FAILED    Extras
[2025-07-28 14:39:13] [INFO]     Dirs :         1         1         1         0         0         0
[2025-07-28 14:39:13] [INFO]    Files :         0         0         0         0         0         0
[2025-07-28 14:39:13] [INFO]    Bytes :         0         0         0         0         0         0
[2025-07-28 14:39:13] [INFO]    Times :   0:00:00   0:00:00                       0:00:00   0:00:00
[2025-07-28 14:39:13] [INFO]    Ended : Monday, 28 July 2025 2:39:13 pm
[2025-07-28 14:39:13] [INFO] 
[2025-07-28 14:39:13] [INFO] Mirror operation completed (Exit code: 0)
[2025-07-28 14:39:13] [INFO] Starting Mirror operation from D:\Documents\MegaSync\NZMA to D:\Documents\Mega\NZMA
[2025-07-28 14:39:13] [INFO] 
[2025-07-28 14:39:13] [INFO] -------------------------------------------------------------------------------
[2025-07-28 14:39:13] [INFO]    ROBOCOPY     ::     Robust File Copy for Windows                              
[2025-07-28 14:39:13] [INFO] -------------------------------------------------------------------------------
[2025-07-28 14:39:13] [INFO] 
[2025-07-28 14:39:13] [INFO]   Started : Monday, 28 July 2025 2:39:13 pm
[2025-07-28 14:39:13] [INFO]    Source : D:\Documents\MegaSync\NZMA\
[2025-07-28 14:39:13] [INFO]      Dest : D:\Documents\Mega\NZMA\
[2025-07-28 14:39:13] [INFO] 
[2025-07-28 14:39:13] [INFO]     Files : *.*
[2025-07-28 14:39:13] [INFO] 	    
[2025-07-28 14:39:13] [INFO]   Options : *.* /NDL /NFL /TEE /S /E /DCOPY:DA /COPY:DAT /PURGE /MIR /Z /MT:1 /R:0 /W:0 
[2025-07-28 14:39:13] [INFO] 
[2025-07-28 14:39:13] [INFO] ------------------------------------------------------------------------------
[2025-07-28 14:39:13] [INFO] 
[2025-07-28 14:39:13] [INFO] 
[2025-07-28 14:39:13] [INFO] ------------------------------------------------------------------------------
[2025-07-28 14:39:13] [INFO] 
[2025-07-28 14:39:13] [INFO]                Total    Copied   Skipped  Mismatch    FAILED    Extras
[2025-07-28 14:39:13] [INFO]     Dirs :        27        27        27         0         0         0
[2025-07-28 14:39:13] [INFO]    Files :        84         0        84         0         0         0
[2025-07-28 14:39:13] [INFO]    Bytes :  266.02 m         0  266.02 m         0         0         0
[2025-07-28 14:39:13] [INFO]    Times :   0:00:00   0:00:00                       0:00:00   0:00:00
[2025-07-28 14:39:13] [INFO]    Ended : Monday, 28 July 2025 2:39:13 pm
[2025-07-28 14:39:13] [INFO] 
[2025-07-28 14:39:13] [INFO] Mirror operation completed (Exit code: 0)
[2025-07-28 14:39:13] [INFO] Starting Mirror operation from D:\Documents\MegaSync\Personal to D:\Documents\Mega\Personal
[2025-07-28 14:39:13] [INFO] 
[2025-07-28 14:39:13] [INFO] -------------------------------------------------------------------------------
[2025-07-28 14:39:13] [INFO]    ROBOCOPY     ::     Robust File Copy for Windows                              
[2025-07-28 14:39:13] [INFO] -------------------------------------------------------------------------------
[2025-07-28 14:39:13] [INFO] 
[2025-07-28 14:39:13] [INFO]   Started : Monday, 28 July 2025 2:39:13 pm
[2025-07-28 14:39:13] [INFO]    Source : D:\Documents\MegaSync\Personal\
[2025-07-28 14:39:13] [INFO]      Dest : D:\Documents\Mega\Personal\
[2025-07-28 14:39:13] [INFO] 
[2025-07-28 14:39:13] [INFO]     Files : *.*
[2025-07-28 14:39:13] [INFO] 	    
[2025-07-28 14:39:13] [INFO]   Options : *.* /NDL /NFL /TEE /S /E /DCOPY:DA /COPY:DAT /PURGE /MIR /Z /MT:1 /R:0 /W:0 
[2025-07-28 14:39:13] [INFO] 
[2025-07-28 14:39:13] [INFO] ------------------------------------------------------------------------------
[2025-07-28 14:39:13] [INFO] 
[2025-07-28 14:39:14] [INFO] 	  *EXTRA File 		  302947	D:\Documents\Mega\Personal\Tait\Tait Job Docs\Police Responses\Police Response 3\Privacy Complaint\NigelGalbraith_PrivacyComplaint-FINAL.pdf
[2025-07-28 14:39:14] [INFO] 
[2025-07-28 14:39:14] [INFO] ------------------------------------------------------------------------------
[2025-07-28 14:39:14] [INFO] 
[2025-07-28 14:39:14] [INFO]                Total    Copied   Skipped  Mismatch    FAILED    Extras
[2025-07-28 14:39:14] [INFO]     Dirs :       680       680       679         0         0         0
[2025-07-28 14:39:14] [INFO]    Files :      3815        17      3798         0         0         1
[2025-07-28 14:39:14] [INFO]    Bytes :   1.415 g    4.92 m   1.410 g         0         0   295.8 k
[2025-07-28 14:39:14] [INFO]    Times :   0:00:00   0:00:00                       0:00:00   0:00:00
[2025-07-28 14:39:14] [INFO] 
[2025-07-28 14:39:14] [INFO] 
[2025-07-28 14:39:14] [INFO]    Speed :           101351588 Bytes/sec.
[2025-07-28 14:39:14] [INFO]    Speed :            5799.384 MegaBytes/min.
[2025-07-28 14:39:14] [INFO]    Ended : Monday, 28 July 2025 2:39:14 pm
[2025-07-28 14:39:14] [INFO] 
[2025-07-28 14:39:14] [INFO] Mirror operation completed (Exit code: 3)
[2025-07-28 14:39:14] [INFO] Starting zip operation for D:\Documents\GitHub\portfolio.github.io
[2025-07-28 14:40:10] [INFO] Successfully created zip: C:\Users\Lenovo\Dropbox\portfolio.github.io-Mon.zip
[2025-07-28 14:40:10] [INFO] Enforced retention policy (kept 1 backups)
[2025-07-28 14:40:10] [INFO] Monitoring sync status...
[2025-07-28 14:40:11] [INFO] All sync operations completed
[2025-07-28 14:40:11] [INFO] Backup process completed
