[2025-07-28 16:02:21] [INFO] Starting Mirror operation from D:\Documents\Books to D:\Documents\Google Drive\Books
[2025-07-28 16:02:21] [INFO] 
[2025-07-28 16:02:21] [INFO] -------------------------------------------------------------------------------
[2025-07-28 16:02:21] [INFO]    ROBOCOPY     ::     Robust File Copy for Windows                              
[2025-07-28 16:02:21] [INFO] -------------------------------------------------------------------------------
[2025-07-28 16:02:21] [INFO] 
[2025-07-28 16:02:21] [INFO]   Started : Monday, 28 July 2025 4:02:21 pm
[2025-07-28 16:02:21] [INFO]    Source : D:\Documents\Books\
[2025-07-28 16:02:22] [INFO]      Dest : D:\Documents\Google Drive\Books\
[2025-07-28 16:02:22] [INFO] 
[2025-07-28 16:02:22] [INFO]     Files : *.*
[2025-07-28 16:02:22] [INFO] 	    
[2025-07-28 16:02:22] [INFO]   Options : *.* /NDL /NFL /TEE /S /E /DCOPY:DA /COPY:DAT /PURGE /MIR /Z /MT:1 /R:0 /W:0 
[2025-07-28 16:02:22] [INFO] 
[2025-07-28 16:02:22] [INFO] ------------------------------------------------------------------------------
[2025-07-28 16:02:22] [INFO] 
[2025-07-28 16:02:22] [INFO] 
[2025-07-28 16:02:22] [INFO] ------------------------------------------------------------------------------
[2025-07-28 16:02:22] [INFO] 
[2025-07-28 16:02:22] [INFO]                Total    Copied   Skipped  Mismatch    FAILED    Extras
[2025-07-28 16:02:22] [INFO]     Dirs :         5         5         5         0         0         0
[2025-07-28 16:02:22] [INFO]    Files :        56         0        56         0         0         0
[2025-07-28 16:02:22] [INFO]    Bytes :  947.84 m         0  947.84 m         0         0         0
[2025-07-28 16:02:22] [INFO]    Times :   0:00:00   0:00:00                       0:00:00   0:00:00
[2025-07-28 16:02:22] [INFO]    Ended : Monday, 28 July 2025 4:02:21 pm
[2025-07-28 16:02:22] [INFO] 
[2025-07-28 16:02:22] [INFO] Mirror operation completed (Exit code: 0)
[2025-07-28 16:02:22] [INFO] Starting Mirror operation from D:\Documents\Custom Office Templates to D:\Documents\Google Drive\Custom Office Templates
[2025-07-28 16:02:22] [INFO] 
[2025-07-28 16:02:22] [INFO] -------------------------------------------------------------------------------
[2025-07-28 16:02:22] [INFO]    ROBOCOPY     ::     Robust File Copy for Windows                              
[2025-07-28 16:02:22] [INFO] -------------------------------------------------------------------------------
[2025-07-28 16:02:22] [INFO] 
[2025-07-28 16:02:22] [INFO]   Started : Monday, 28 July 2025 4:02:22 pm
[2025-07-28 16:02:22] [INFO]    Source : D:\Documents\Custom Office Templates\
[2025-07-28 16:02:22] [INFO]      Dest : D:\Documents\Google Drive\Custom Office Templates\
[2025-07-28 16:02:22] [INFO] 
[2025-07-28 16:02:22] [INFO]     Files : *.*
[2025-07-28 16:02:22] [INFO] 	    
[2025-07-28 16:02:22] [INFO]   Options : *.* /NDL /NFL /TEE /S /E /DCOPY:DA /COPY:DAT /PURGE /MIR /Z /MT:1 /R:0 /W:0 
[2025-07-28 16:02:22] [INFO] 
[2025-07-28 16:02:22] [INFO] ------------------------------------------------------------------------------
[2025-07-28 16:02:22] [INFO] 
[2025-07-28 16:02:22] [INFO] 
[2025-07-28 16:02:22] [INFO] ------------------------------------------------------------------------------
[2025-07-28 16:02:22] [INFO] 
[2025-07-28 16:02:22] [INFO]                Total    Copied   Skipped  Mismatch    FAILED    Extras
[2025-07-28 16:02:22] [INFO]     Dirs :         1         1         0         0         0         0
[2025-07-28 16:02:22] [INFO]    Files :         0         0         0         0         0         0
[2025-07-28 16:02:22] [INFO]    Bytes :         0         0         0         0         0         0
[2025-07-28 16:02:22] [INFO]    Times :   0:00:00   0:00:00                       0:00:00   0:00:00
[2025-07-28 16:02:22] [INFO]    Ended : Monday, 28 July 2025 4:02:22 pm
[2025-07-28 16:02:22] [INFO] 
[2025-07-28 16:02:22] [INFO] Mirror operation completed (Exit code: 0)
[2025-07-28 16:02:22] [INFO] Starting Mirror operation from D:\Documents\Piano to D:\Documents\Google Drive\Piano
[2025-07-28 16:02:22] [INFO] 
[2025-07-28 16:02:22] [INFO] -------------------------------------------------------------------------------
[2025-07-28 16:02:22] [INFO]    ROBOCOPY     ::     Robust File Copy for Windows                              
[2025-07-28 16:02:22] [INFO] -------------------------------------------------------------------------------
[2025-07-28 16:02:22] [INFO] 
[2025-07-28 16:02:22] [INFO]   Started : Monday, 28 July 2025 4:02:22 pm
[2025-07-28 16:02:22] [INFO]    Source : D:\Documents\Piano\
[2025-07-28 16:02:22] [INFO]      Dest : D:\Documents\Google Drive\Piano\
[2025-07-28 16:02:22] [INFO] 
[2025-07-28 16:02:22] [INFO]     Files : *.*
[2025-07-28 16:02:22] [INFO] 	    
[2025-07-28 16:02:22] [INFO]   Options : *.* /NDL /NFL /TEE /S /E /DCOPY:DA /COPY:DAT /PURGE /MIR /Z /MT:1 /R:0 /W:0 
[2025-07-28 16:02:22] [INFO] 
[2025-07-28 16:02:22] [INFO] ------------------------------------------------------------------------------
[2025-07-28 16:02:22] [INFO] 
[2025-07-28 16:02:22] [INFO] 
[2025-07-28 16:02:22] [INFO] ------------------------------------------------------------------------------
[2025-07-28 16:02:22] [INFO] 
[2025-07-28 16:02:22] [INFO]                Total    Copied   Skipped  Mismatch    FAILED    Extras
[2025-07-28 16:02:22] [INFO]     Dirs :         1         1         1         0         0         0
[2025-07-28 16:02:22] [INFO]    Files :         1         0         1         0         0         0
[2025-07-28 16:02:22] [INFO]    Bytes :    13.3 k         0    13.3 k         0         0         0
[2025-07-28 16:02:23] [INFO]    Times :   0:00:00   0:00:00                       0:00:00   0:00:00
[2025-07-28 16:02:23] [INFO]    Ended : Monday, 28 July 2025 4:02:22 pm
[2025-07-28 16:02:23] [INFO] 
[2025-07-28 16:02:23] [INFO] Mirror operation completed (Exit code: 0)
[2025-07-28 16:02:23] [INFO] Starting Mirror operation from D:\Documents\SketchUp to D:\Documents\Google Drive\SketchUp
[2025-07-28 16:02:23] [INFO] 
[2025-07-28 16:02:23] [INFO] -------------------------------------------------------------------------------
[2025-07-28 16:02:23] [INFO]    ROBOCOPY     ::     Robust File Copy for Windows                              
[2025-07-28 16:02:23] [INFO] -------------------------------------------------------------------------------
[2025-07-28 16:02:23] [INFO] 
[2025-07-28 16:02:23] [INFO]   Started : Monday, 28 July 2025 4:02:23 pm
[2025-07-28 16:02:23] [INFO]    Source : D:\Documents\SketchUp\
[2025-07-28 16:02:23] [INFO]      Dest : D:\Documents\Google Drive\SketchUp\
[2025-07-28 16:02:23] [INFO] 
[2025-07-28 16:02:23] [INFO]     Files : *.*
[2025-07-28 16:02:23] [INFO] 	    
[2025-07-28 16:02:23] [INFO]   Options : *.* /NDL /NFL /TEE /S /E /DCOPY:DA /COPY:DAT /PURGE /MIR /Z /MT:1 /R:0 /W:0 
[2025-07-28 16:02:23] [INFO] 
[2025-07-28 16:02:23] [INFO] ------------------------------------------------------------------------------
[2025-07-28 16:02:23] [INFO] 
[2025-07-28 16:02:23] [INFO] 
[2025-07-28 16:02:23] [INFO] ------------------------------------------------------------------------------
[2025-07-28 16:02:23] [INFO] 
[2025-07-28 16:02:23] [INFO]                Total    Copied   Skipped  Mismatch    FAILED    Extras
[2025-07-28 16:02:23] [INFO]     Dirs :        19        19        19         0         0         0
[2025-07-28 16:02:23] [INFO]    Files :        88         0        88         0         0         0
[2025-07-28 16:02:23] [INFO]    Bytes :  438.33 m         0  438.33 m         0         0         0
[2025-07-28 16:02:23] [INFO]    Times :   0:00:00   0:00:00                       0:00:00   0:00:00
[2025-07-28 16:02:23] [INFO]    Ended : Monday, 28 July 2025 4:02:23 pm
[2025-07-28 16:02:23] [INFO] 
[2025-07-28 16:02:23] [INFO] Mirror operation completed (Exit code: 0)
[2025-07-28 16:02:23] [INFO] Starting Mirror operation from D:\Documents\Software to D:\Documents\Google Drive\Software
[2025-07-28 16:02:23] [INFO] 
[2025-07-28 16:02:23] [INFO] -------------------------------------------------------------------------------
[2025-07-28 16:02:23] [INFO]    ROBOCOPY     ::     Robust File Copy for Windows                              
[2025-07-28 16:02:23] [INFO] -------------------------------------------------------------------------------
[2025-07-28 16:02:23] [INFO] 
[2025-07-28 16:02:23] [INFO]   Started : Monday, 28 July 2025 4:02:23 pm
[2025-07-28 16:02:23] [INFO]    Source : D:\Documents\Software\
[2025-07-28 16:02:23] [INFO]      Dest : D:\Documents\Google Drive\Software\
[2025-07-28 16:02:23] [INFO] 
[2025-07-28 16:02:23] [INFO]     Files : *.*
[2025-07-28 16:02:23] [INFO] 	    
[2025-07-28 16:02:23] [INFO]   Options : *.* /NDL /NFL /TEE /S /E /DCOPY:DA /COPY:DAT /PURGE /MIR /Z /MT:1 /R:0 /W:0 
[2025-07-28 16:02:23] [INFO] 
[2025-07-28 16:02:23] [INFO] ------------------------------------------------------------------------------
[2025-07-28 16:02:23] [INFO] 
[2025-07-28 16:02:23] [INFO] 
[2025-07-28 16:02:24] [INFO] ------------------------------------------------------------------------------
[2025-07-28 16:02:24] [INFO] 
[2025-07-28 16:02:24] [INFO]                Total    Copied   Skipped  Mismatch    FAILED    Extras
[2025-07-28 16:02:24] [INFO]     Dirs :        99        99        99         0         0         0
[2025-07-28 16:02:24] [INFO]    Files :        44         1        43         0         0         0
[2025-07-28 16:02:24] [INFO]    Bytes :  860.87 m       106  860.87 m         0         0         0
[2025-07-28 16:02:24] [INFO]    Times :   0:00:00   0:00:00                       0:00:00   0:00:00
[2025-07-28 16:02:24] [INFO] 
[2025-07-28 16:02:24] [INFO] 
[2025-07-28 16:02:24] [INFO]    Speed :                4240 Bytes/sec.
[2025-07-28 16:02:24] [INFO]    Speed :               0.242 MegaBytes/min.
[2025-07-28 16:02:24] [INFO]    Ended : Monday, 28 July 2025 4:02:23 pm
[2025-07-28 16:02:24] [INFO] 
[2025-07-28 16:02:24] [INFO] Mirror operation completed (Exit code: 1)
[2025-07-28 16:02:24] [INFO] Starting Mirror operation from D:\Documents\Woodwork to D:\Documents\Google Drive\Woodwork
[2025-07-28 16:02:24] [INFO] 
[2025-07-28 16:02:24] [INFO] -------------------------------------------------------------------------------
[2025-07-28 16:02:24] [INFO]    ROBOCOPY     ::     Robust File Copy for Windows                              
[2025-07-28 16:02:24] [INFO] -------------------------------------------------------------------------------
[2025-07-28 16:02:24] [INFO] 
[2025-07-28 16:02:24] [INFO]   Started : Monday, 28 July 2025 4:02:24 pm
[2025-07-28 16:02:24] [INFO]    Source : D:\Documents\Woodwork\
[2025-07-28 16:02:24] [INFO]      Dest : D:\Documents\Google Drive\Woodwork\
[2025-07-28 16:02:24] [INFO] 
[2025-07-28 16:02:24] [INFO]     Files : *.*
[2025-07-28 16:02:24] [INFO] 	    
[2025-07-28 16:02:24] [INFO]   Options : *.* /NDL /NFL /TEE /S /E /DCOPY:DA /COPY:DAT /PURGE /MIR /Z /MT:1 /R:0 /W:0 
[2025-07-28 16:02:24] [INFO] 
[2025-07-28 16:02:24] [INFO] ------------------------------------------------------------------------------
[2025-07-28 16:02:24] [INFO] 
[2025-07-28 16:02:24] [INFO] 
[2025-07-28 16:02:24] [INFO] ------------------------------------------------------------------------------
[2025-07-28 16:02:24] [INFO] 
[2025-07-28 16:02:24] [INFO]                Total    Copied   Skipped  Mismatch    FAILED    Extras
[2025-07-28 16:02:24] [INFO]     Dirs :         7         7         7         0         0         0
[2025-07-28 16:02:24] [INFO]    Files :        17         0        17         0         0         0
[2025-07-28 16:02:24] [INFO]    Bytes :  158.42 m         0  158.42 m         0         0         0
[2025-07-28 16:02:24] [INFO]    Times :   0:00:00   0:00:00                       0:00:00   0:00:00
[2025-07-28 16:02:24] [INFO]    Ended : Monday, 28 July 2025 4:02:24 pm
[2025-07-28 16:02:24] [INFO] 
[2025-07-28 16:02:24] [INFO] Mirror operation completed (Exit code: 0)
[2025-07-28 16:02:24] [INFO] Starting Mirror operation from D:\Documents\Zoom to D:\Documents\Google Drive\Zoom
[2025-07-28 16:02:24] [INFO] 
[2025-07-28 16:02:24] [INFO] -------------------------------------------------------------------------------
[2025-07-28 16:02:24] [INFO]    ROBOCOPY     ::     Robust File Copy for Windows                              
[2025-07-28 16:02:24] [INFO] -------------------------------------------------------------------------------
[2025-07-28 16:02:24] [INFO] 
[2025-07-28 16:02:24] [INFO]   Started : Monday, 28 July 2025 4:02:24 pm
[2025-07-28 16:02:24] [INFO]    Source : D:\Documents\Zoom\
[2025-07-28 16:02:24] [INFO]      Dest : D:\Documents\Google Drive\Zoom\
[2025-07-28 16:02:24] [INFO] 
[2025-07-28 16:02:24] [INFO]     Files : *.*
[2025-07-28 16:02:24] [INFO] 	    
[2025-07-28 16:02:24] [INFO]   Options : *.* /NDL /NFL /TEE /S /E /DCOPY:DA /COPY:DAT /PURGE /MIR /Z /MT:1 /R:0 /W:0 
[2025-07-28 16:02:24] [INFO] 
[2025-07-28 16:02:24] [INFO] ------------------------------------------------------------------------------
[2025-07-28 16:02:24] [INFO] 
[2025-07-28 16:02:24] [INFO] 
[2025-07-28 16:02:24] [INFO] ------------------------------------------------------------------------------
[2025-07-28 16:02:24] [INFO] 
[2025-07-28 16:02:24] [INFO]                Total    Copied   Skipped  Mismatch    FAILED    Extras
[2025-07-28 16:02:24] [INFO]     Dirs :         1         1         1         0         0         0
[2025-07-28 16:02:24] [INFO]    Files :         0         0         0         0         0         0
[2025-07-28 16:02:24] [INFO]    Bytes :         0         0         0         0         0         0
[2025-07-28 16:02:24] [INFO]    Times :   0:00:00   0:00:00                       0:00:00   0:00:00
[2025-07-28 16:02:24] [INFO]    Ended : Monday, 28 July 2025 4:02:24 pm
[2025-07-28 16:02:24] [INFO] 
[2025-07-28 16:02:25] [INFO] Mirror operation completed (Exit code: 0)
[2025-07-28 16:02:25] [INFO] Starting Mirror operation from D:\Documents\Backups to D:\Documents\Mega\Backups
[2025-07-28 16:02:25] [INFO] 
[2025-07-28 16:02:25] [INFO] -------------------------------------------------------------------------------
[2025-07-28 16:02:25] [INFO]    ROBOCOPY     ::     Robust File Copy for Windows                              
[2025-07-28 16:02:25] [INFO] -------------------------------------------------------------------------------
[2025-07-28 16:02:25] [INFO] 
[2025-07-28 16:02:25] [INFO]   Started : Monday, 28 July 2025 4:02:25 pm
[2025-07-28 16:02:25] [INFO]    Source : D:\Documents\Backups\
[2025-07-28 16:02:25] [INFO]      Dest : D:\Documents\Mega\Backups\
[2025-07-28 16:02:25] [INFO] 
[2025-07-28 16:02:25] [INFO]     Files : *.*
[2025-07-28 16:02:25] [INFO] 	    
[2025-07-28 16:02:25] [INFO]   Options : *.* /NDL /NFL /TEE /S /E /DCOPY:DA /COPY:DAT /PURGE /MIR /Z /MT:1 /R:0 /W:0 
[2025-07-28 16:02:25] [INFO] 
[2025-07-28 16:02:25] [INFO] ------------------------------------------------------------------------------
